<?xml version="1.0" encoding="UTF-8"?>
<testsuite xmlns:xsi="http://www.w3.org/2001/XMLSchema-instance" xsi:noNamespaceSchemaLocation="https://maven.apache.org/surefire/maven-failsafe-plugin/xsd/failsafe-test-report-3.0.xsd" version="3.0" name="starter.CucumberTestSuite" time="14.636" tests="16" errors="0" skipped="0" failures="0">
  <properties>
[...]
</properties>
  <testcase name="GET - As admin I have be able to get user information" classname="Auth" time="3.098">
    <system-out><![CDATA[17:04:54.011 [main] DEBUG net.thucydides.core.guice.Injectors - Created injector for module net.thucydides.core.guice.ThucydidesModule
17:04:54.216 [main] INFO io.cucumber.core.plugin.SerenityReporter - Running feature from file:///C:/Users/VICTUS/IdeaProjects/RestAssuredMiniProject/src/test/resources/features/Auth.feature
17:04:54.346 [main] DEBUG net.thucydides.core.guice.Injectors - Created injector for module net.thucydides.core.guice.webdriver.WebDriverModule
17:04:54.358 [main] INFO  - 

-------------------------------------------------------------------------------------
     _______. _______ .______       _______ .__   __.  __  .___________.____    ____ 
    /       ||   ____||   _  \     |   ____||  \ |  | |  | |           |\   \  /   / 
   |   (----`|  |__   |  |_)  |    |  |__   |   \|  | |  | `---|  |----` \   \/   /  
    \   \    |   __|  |      /     |   __|  |  . `  | |  |     |  |       \_    _/   
.----)   |   |  |____ |  |\  \----.|  |____ |  |\   | |  |     |  |         |  |     
|_______/    |_______|| _| `._____||_______||__| \__| |__|     |__|         |__|    
                                                                                     
 News and tutorials at http://www.serenity-bdd.info                                  
 Documentation at https://wakaleo.gitbooks.io/the-serenity-book/content/             
 Join the Serenity Community on Gitter: https://gitter.im/serenity-bdd/serenity-core 
 Serenity BDD Support and Training at http://serenity-bdd.info/#/trainingandsupport  
-------------------------------------------------------------------------------------

17:04:54.360 [main] DEBUG net.thucydides.core.steps.StepEventBus - Test suite started for story net.thucydides.core.model.Story@635b6c28
17:04:54.362 [main] INFO  - Test Suite Started: Auth
17:04:54.376 [main] INFO io.cucumber.core.plugin.SerenityReporter - Running feature from file:///C:/Users/VICTUS/IdeaProjects/RestAssuredMiniProject/src/test/resources/features/Category.feature
17:04:54.380 [main] DEBUG net.thucydides.core.steps.StepEventBus - Test suite started for story net.thucydides.core.model.Story@d99e90e8
17:04:54.380 [main] INFO  - Test Suite Started: Category
17:04:54.380 [main] INFO io.cucumber.core.plugin.SerenityReporter - Running feature from file:///C:/Users/VICTUS/IdeaProjects/RestAssuredMiniProject/src/test/resources/features/Comment.feature
17:04:54.382 [main] DEBUG net.thucydides.core.steps.StepEventBus - Test suite started for story net.thucydides.core.model.Story@79003fc8
17:04:54.383 [main] INFO  - Test Suite Started: Comment
17:04:54.383 [main] INFO io.cucumber.core.plugin.SerenityReporter - Running feature from file:///C:/Users/VICTUS/IdeaProjects/RestAssuredMiniProject/src/test/resources/features/Index.feature
17:04:54.385 [main] DEBUG net.thucydides.core.steps.StepEventBus - Test suite started for story net.thucydides.core.model.Story@8597e328
17:04:54.385 [main] INFO  - Test Suite Started: Index
17:04:54.386 [main] INFO io.cucumber.core.plugin.SerenityReporter - Running feature from file:///C:/Users/VICTUS/IdeaProjects/RestAssuredMiniProject/src/test/resources/features/Order.feature
17:04:54.388 [main] DEBUG net.thucydides.core.steps.StepEventBus - Test suite started for story net.thucydides.core.model.Story@cc4b76a8
17:04:54.389 [main] INFO  - Test Suite Started: Order
17:04:54.389 [main] INFO io.cucumber.core.plugin.SerenityReporter - Running feature from file:///C:/Users/VICTUS/IdeaProjects/RestAssuredMiniProject/src/test/resources/features/Product.feature
17:04:54.391 [main] DEBUG net.thucydides.core.steps.StepEventBus - Test suite started for story net.thucydides.core.model.Story@fdbc81c8
17:04:54.391 [main] INFO  - Test Suite Started: Product
17:04:54.391 [main] INFO io.cucumber.core.plugin.SerenityReporter - Running feature from file:///C:/Users/VICTUS/IdeaProjects/RestAssuredMiniProject/src/test/resources/features/Rating.feature
17:04:54.393 [main] DEBUG net.thucydides.core.steps.StepEventBus - Test suite started for story net.thucydides.core.model.Story@90cc9dc8
17:04:54.393 [main] INFO  - Test Suite Started: Rating
17:04:54.394 [main] INFO io.cucumber.core.plugin.SerenityReporter - Running feature from file:///C:/Users/VICTUS/IdeaProjects/RestAssuredMiniProject/src/test/resources/features/Auth.feature
17:04:54.395 [main] DEBUG net.thucydides.core.steps.StepEventBus - Test suite started for story net.thucydides.core.model.Story@635b6c28
17:04:54.395 [main] INFO  - Test Suite Started: Auth

Scenario: GET - As admin I have be able to get user information &amp#27;[90m# src/test/resources/features/Auth.feature:6&amp#27;[0m
17:04:54.463 [main] INFO io.cucumber.core.plugin.SerenityReporter - Running feature from file:///C:/Users/VICTUS/IdeaProjects/RestAssuredMiniProject/src/test/resources/features/Auth.feature
17:04:54.561 [main] INFO  - 
  _____   ___   ___   _____     ___   _____     _     ___   _____   ___   ___  
 |_   _| | __| / __| |_   _|   / __| |_   _|   /_\   | _ \ |_   _| | __| |   \ 
   | |   | _|  \__ \   | |     \__ \   | |    / _ \  |   /   | |   | _|  | |) |
   |_|   |___| |___/   |_|     |___/   |_|   /_/ \_\ |_|_\   |_|   |___| |___/ 

GET - As admin I have be able to get user information(auth;get---as-admin-i-have-be-able-to-get-user-information)
--------------------------------------------------------------------------------
17:04:54.959 [main] DEBUG net.thucydides.core.steps.StepInterceptor - STARTING STEP: AuthSteps.setGetApiEndpoints - I set GET API endpoint
17:04:54.962 [main] DEBUG net.thucydides.core.steps.StepInterceptor - STEP DONE: I set GET API endpoint
  &amp#27;[32mGiven &amp#27;[0m&amp#27;[32mI set Get api endpoint&amp#27;[0m                                  &amp#27;[90m# starter.stepDefinition.AuthSteps.setGetApiEndpoints()&amp#27;[0m
17:04:54.969 [main] DEBUG net.thucydides.core.steps.StepInterceptor - STARTING STEP: AuthSteps.sendGetHttpRequest - I send GET HTTP Request
17:04:56.162 [main] DEBUG net.thucydides.core.steps.StepInterceptor - STARTING STEP: Get.sendGetHttpRequest - I set GET API endpoint
17:04:56.162 [main] DEBUG net.thucydides.core.steps.StepInterceptor - STEP DONE: I set GET API endpoint
17:04:56.603 [main] DEBUG org.apache.http.impl.conn.BasicClientConnectionManager - Get connection for route {s}->https://altashop-api.fly.dev:443
17:04:56.733 [main] DEBUG org.apache.http.impl.conn.DefaultClientConnectionOperator - Connecting to altashop-api.fly.dev:443
17:04:56.950 [main] DEBUG org.apache.http.client.protocol.RequestAddCookies - CookieSpec selected: ignoreCookies
17:04:56.951 [main] DEBUG org.apache.http.client.protocol.RequestAuthCache - Auth cache not set in the context
17:04:56.951 [main] DEBUG org.apache.http.client.protocol.RequestProxyAuthentication - Proxy auth state: UNCHALLENGED
17:04:56.951 [main] DEBUG org.apache.http.impl.client.DefaultHttpClient - Attempt 1 to execute request
17:04:56.951 [main] DEBUG org.apache.http.impl.conn.DefaultClientConnection - Sending request: GET /api/auth/info HTTP/1.1
17:04:56.951 [main] DEBUG org.apache.http.wire -  >> "GET /api/auth/info HTTP/1.1[\r][\n]"
17:04:56.952 [main] DEBUG org.apache.http.wire -  >> "Content-Type: application/json[\r][\n]"
17:04:56.952 [main] DEBUG org.apache.http.wire -  >> "Authorization: Bearer eyJhbGciOiJIUzI1NiIsInR5cCI6IkpXVCJ9.eyJGdWxsbmFtZSI6IkpvaG4gRG9lIiwiRW1haWwiOiJzb21lb25lQG1haWwuY29tIn0.WvBSxcQEqqniC1v08LzkrHcELegs0b7vtjGPWiaEWcI[\r][\n]"
17:04:56.952 [main] DEBUG org.apache.http.wire -  >> "Accept: */*[\r][\n]"
17:04:56.952 [main] DEBUG org.apache.http.wire -  >> "Host: altashop-api.fly.dev[\r][\n]"
17:04:56.952 [main] DEBUG org.apache.http.wire -  >> "Connection: Keep-Alive[\r][\n]"
17:04:56.952 [main] DEBUG org.apache.http.wire -  >> "User-Agent: Apache-HttpClient/4.5.13 (Java/17.0.3.1)[\r][\n]"
17:04:56.952 [main] DEBUG org.apache.http.wire -  >> "Accept-Encoding: gzip,deflate[\r][\n]"
17:04:56.952 [main] DEBUG org.apache.http.wire -  >> "[\r][\n]"
17:04:56.952 [main] DEBUG org.apache.http.headers - >> GET /api/auth/info HTTP/1.1
17:04:56.952 [main] DEBUG org.apache.http.headers - >> Content-Type: application/json
17:04:56.953 [main] DEBUG org.apache.http.headers - >> Authorization: Bearer eyJhbGciOiJIUzI1NiIsInR5cCI6IkpXVCJ9.eyJGdWxsbmFtZSI6IkpvaG4gRG9lIiwiRW1haWwiOiJzb21lb25lQG1haWwuY29tIn0.WvBSxcQEqqniC1v08LzkrHcELegs0b7vtjGPWiaEWcI
17:04:56.953 [main] DEBUG org.apache.http.headers - >> Accept: */*
17:04:56.953 [main] DEBUG org.apache.http.headers - >> Host: altashop-api.fly.dev
17:04:56.953 [main] DEBUG org.apache.http.headers - >> Connection: Keep-Alive
17:04:56.953 [main] DEBUG org.apache.http.headers - >> User-Agent: Apache-HttpClient/4.5.13 (Java/17.0.3.1)
17:04:56.953 [main] DEBUG org.apache.http.headers - >> Accept-Encoding: gzip,deflate
17:04:57.031 [main] DEBUG org.apache.http.wire -  << "HTTP/1.1 200 OK[\r][\n]"
17:04:57.032 [main] DEBUG org.apache.http.wire -  << "content-type: application/json[\r][\n]"
17:04:57.032 [main] DEBUG org.apache.http.wire -  << "date: Tue, 09 May 2023 10:05:00 GMT[\r][\n]"
17:04:57.032 [main] DEBUG org.apache.http.wire -  << "content-encoding: gzip[\r][\n]"
17:04:57.033 [main] DEBUG org.apache.http.wire -  << "transfer-encoding: chunked[\r][\n]"
17:04:57.033 [main] DEBUG org.apache.http.wire -  << "server: Fly/3f2597ca (2023-05-03)[\r][\n]"
17:04:57.033 [main] DEBUG org.apache.http.wire -  << "via: 1.1 fly.io[\r][\n]"
17:04:57.033 [main] DEBUG org.apache.http.wire -  << "fly-request-id: 01GZZZHBRZT2W4A8A3QM1JH889-sin[\r][\n]"
17:04:57.033 [main] DEBUG org.apache.http.wire -  << "[\r][\n]"
17:04:57.033 [main] DEBUG org.apache.http.impl.conn.DefaultClientConnection - Receiving response: HTTP/1.1 200 OK
17:04:57.033 [main] DEBUG org.apache.http.headers - << HTTP/1.1 200 OK
17:04:57.033 [main] DEBUG org.apache.http.headers - << content-type: application/json
17:04:57.033 [main] DEBUG org.apache.http.headers - << date: Tue, 09 May 2023 10:05:00 GMT
17:04:57.033 [main] DEBUG org.apache.http.headers - << content-encoding: gzip
17:04:57.033 [main] DEBUG org.apache.http.headers - << transfer-encoding: chunked
17:04:57.033 [main] DEBUG org.apache.http.headers - << server: Fly/3f2597ca (2023-05-03)
17:04:57.033 [main] DEBUG org.apache.http.headers - << via: 1.1 fly.io
17:04:57.033 [main] DEBUG org.apache.http.headers - << fly-request-id: 01GZZZHBRZT2W4A8A3QM1JH889-sin
17:04:57.037 [main] DEBUG org.apache.http.impl.client.DefaultHttpClient - Connection can be kept alive indefinitely
17:04:57.040 [main] DEBUG io.restassured.internal.RestAssuredHttpBuilder - Parsing response as: application/json
17:04:57.040 [main] DEBUG org.apache.http.wire -  << "6C[\r][\n]"
17:04:57.042 [main] DEBUG org.apache.http.wire -  << "[0x1f][0x8b][0x8][0x0][0x0][0x0][0x0][0x0][0x4][0xff][0xab]VJI,IT[0xb2][0xaa]V[0xf2]tQ[0xb2]24[0xb3]4[0xb1][0xd0]Qr+[0xcd][0xc9][0xc9]K[0xcc]MU[0xb2]R[0xf2][0xca][0xcf][0xc8]Sp[0xc9]OU[0xd2]Qr[0xcd]M[0xcc][0xcc]Q[0xb2]R*[0xce][0xcf]M[0xcd][0xcf]Ku[0x0]q[0xf5][0x92][0xf3]s[0x95]t[0x94][0x2][0x12][0x8b][0x8b][0xcb][0xf3][0x8b]R[0x94][0xac][0x94][0xc][0x8d][0x8c][\r][0x8d][0x8c][0x95]jk[0xb9][0x0][0xbf][0xec][0xea][0x18][[0x0][0x0][0x0]"
17:04:57.042 [main] DEBUG org.apache.http.wire -  << "[\r][\n]"
17:04:57.042 [main] DEBUG org.apache.http.wire -  << "0[\r][\n]"
17:04:57.042 [main] DEBUG org.apache.http.wire -  << "[\r][\n]"
17:04:57.042 [main] DEBUG io.restassured.internal.RestAssuredHttpBuilder - Parsed data to instance of: class org.apache.http.conn.EofSensorInputStream
17:04:57.066 [main] DEBUG org.apache.http.impl.conn.BasicClientConnectionManager - Releasing connection org.apache.http.impl.conn.ManagedClientConnectionImpl@1fe05fff
17:04:57.066 [main] DEBUG org.apache.http.impl.conn.BasicClientConnectionManager - Connection can be kept alive indefinitely
17:04:57.083 [main] DEBUG net.thucydides.core.steps.StepInterceptor - STEP DONE: I send GET HTTP Request
  &amp#27;[32mWhen &amp#27;[0m&amp#27;[32mI send Get HTTP Request&amp#27;[0m                                  &amp#27;[90m# starter.stepDefinition.AuthSteps.sendGetHttpRequest()&amp#27;[0m
17:04:57.087 [main] DEBUG net.thucydides.core.steps.StepInterceptor - STARTING STEP: AuthSteps.receiveValidHttpResponse - I receive valid HTTP response code is 200
17:04:57.098 [main] DEBUG net.thucydides.core.steps.StepInterceptor - STEP DONE: I receive valid HTTP response code is 200
  &amp#27;[32mThen &amp#27;[0m&amp#27;[32mI receive valid HTTP Response code 200&amp#27;[0m                   &amp#27;[90m# starter.stepDefinition.AuthSteps.receiveValidHttpResponse()&amp#27;[0m
17:04:57.101 [main] DEBUG net.thucydides.core.steps.StepInterceptor - STARTING STEP: AuthSteps.receiveValidDataForDetailProduct - I receive valid data for product comment
17:04:57.493 [main] DEBUG net.thucydides.core.steps.StepInterceptor - STEP DONE: I receive valid data for product comment
  &amp#27;[32mAnd &amp#27;[0m&amp#27;[32mI receive valid data for user information&amp#27;[0m                 &amp#27;[90m# starter.stepDefinition.AuthSteps.receiveValidDataForDetailProduct()&amp#27;[0m
17:04:57.496 [main] INFO  - 
  _____   ___   ___   _____     ___     _     ___   ___   ___   ___  
 |_   _| | __| / __| |_   _|   | _ \   /_\   / __| / __| | __| |   \ 
   | |   | _|  \__ \   | |     |  _/  / _ \  \__ \ \__ \ | _|  | |) |
   |_|   |___| |___/   |_|     |_|   /_/ \_\ |___/ |___/ |___| |___/ 

GET - As admin I have be able to get user information
----------------------------------------------------------------------
]]></system-out>
  </testcase>
  <testcase name="POST - As admin I have be able to register a new user account" classname="Auth" time="0.229">
    <system-out><![CDATA[
Scenario: POST - As admin I have be able to register a new user account &amp#27;[90m# src/test/resources/features/Auth.feature:12&amp#27;[0m
17:04:57.505 [main] INFO io.cucumber.core.plugin.SerenityReporter - Running feature from file:///C:/Users/VICTUS/IdeaProjects/RestAssuredMiniProject/src/test/resources/features/Auth.feature
17:04:57.507 [main] INFO  - 
  _____   ___   ___   _____     ___   _____     _     ___   _____   ___   ___  
 |_   _| | __| / __| |_   _|   / __| |_   _|   /_\   | _ \ |_   _| | __| |   \ 
   | |   | _|  \__ \   | |     \__ \   | |    / _ \  |   /   | |   | _|  | |) |
   |_|   |___| |___/   |_|     |___/   |_|   /_/ \_\ |_|_\   |_|   |___| |___/ 

POST - As admin I have be able to register a new user account(auth;post---as-admin-i-have-be-able-to-register-a-new-user-account)
--------------------------------------------------------------------------------
17:04:57.513 [main] DEBUG net.thucydides.core.steps.StepInterceptor - STARTING STEP: AuthSteps.setPostApiEndpoints - I set POST api endpoint
17:04:57.513 [main] DEBUG net.thucydides.core.steps.StepInterceptor - STEP DONE: I set POST api endpoint
  &amp#27;[32mGiven &amp#27;[0m&amp#27;[32mI set Post api endpoint&amp#27;[0m                                         &amp#27;[90m# starter.stepDefinition.AuthSteps.setPostApiEndpoints()&amp#27;[0m
17:04:57.517 [main] DEBUG net.thucydides.core.steps.StepInterceptor - STARTING STEP: AuthSteps.sendPostHttpRequest - I send POST HTTP Request
17:04:57.520 [main] DEBUG net.thucydides.core.steps.StepInterceptor - STARTING STEP: PostReg.sendPostHttpRequest - I set POST api endpoint
17:04:57.520 [main] DEBUG net.thucydides.core.steps.StepInterceptor - STEP DONE: I set POST api endpoint
17:04:57.539 [main] DEBUG org.apache.http.impl.conn.BasicClientConnectionManager - Get connection for route {s}->https://altashop-api.fly.dev:443
17:04:57.539 [main] DEBUG org.apache.http.impl.conn.DefaultClientConnectionOperator - Connecting to altashop-api.fly.dev:443
17:04:57.633 [main] DEBUG org.apache.http.client.protocol.RequestAddCookies - CookieSpec selected: ignoreCookies
17:04:57.633 [main] DEBUG org.apache.http.client.protocol.RequestAuthCache - Auth cache not set in the context
17:04:57.633 [main] DEBUG org.apache.http.client.protocol.RequestTargetAuthentication - Target auth state: UNCHALLENGED
17:04:57.633 [main] DEBUG org.apache.http.client.protocol.RequestProxyAuthentication - Proxy auth state: UNCHALLENGED
17:04:57.633 [main] DEBUG org.apache.http.impl.client.DefaultHttpClient - Attempt 1 to execute request
17:04:57.633 [main] DEBUG org.apache.http.impl.conn.DefaultClientConnection - Sending request: POST /api/auth/register HTTP/1.1
17:04:57.633 [main] DEBUG org.apache.http.wire -  >> "POST /api/auth/register HTTP/1.1[\r][\n]"
17:04:57.633 [main] DEBUG org.apache.http.wire -  >> "Accept: */*[\r][\n]"
17:04:57.633 [main] DEBUG org.apache.http.wire -  >> "Content-Type: application/json[\r][\n]"
17:04:57.633 [main] DEBUG org.apache.http.wire -  >> "Content-Length: 104[\r][\n]"
17:04:57.633 [main] DEBUG org.apache.http.wire -  >> "Host: altashop-api.fly.dev[\r][\n]"
17:04:57.633 [main] DEBUG org.apache.http.wire -  >> "Connection: Keep-Alive[\r][\n]"
17:04:57.633 [main] DEBUG org.apache.http.wire -  >> "User-Agent: Apache-HttpClient/4.5.13 (Java/17.0.3.1)[\r][\n]"
17:04:57.633 [main] DEBUG org.apache.http.wire -  >> "Accept-Encoding: gzip,deflate[\r][\n]"
17:04:57.633 [main] DEBUG org.apache.http.wire -  >> "[\r][\n]"
17:04:57.633 [main] DEBUG org.apache.http.headers - >> POST /api/auth/register HTTP/1.1
17:04:57.633 [main] DEBUG org.apache.http.headers - >> Accept: */*
17:04:57.633 [main] DEBUG org.apache.http.headers - >> Content-Type: application/json
17:04:57.633 [main] DEBUG org.apache.http.headers - >> Content-Length: 104
17:04:57.633 [main] DEBUG org.apache.http.headers - >> Host: altashop-api.fly.dev
17:04:57.633 [main] DEBUG org.apache.http.headers - >> Connection: Keep-Alive
17:04:57.633 [main] DEBUG org.apache.http.headers - >> User-Agent: Apache-HttpClient/4.5.13 (Java/17.0.3.1)
17:04:57.633 [main] DEBUG org.apache.http.headers - >> Accept-Encoding: gzip,deflate
17:04:57.633 [main] DEBUG org.apache.http.wire -  >> "{"password":"sayaganteng123","fullname":"Boboiboy Taufan bin Amat","email":"boboiboytaufan11@gmail.com"}"
17:04:57.688 [main] DEBUG org.apache.http.wire -  << "HTTP/1.1 200 OK[\r][\n]"
17:04:57.688 [main] DEBUG org.apache.http.wire -  << "content-type: application/json[\r][\n]"
17:04:57.688 [main] DEBUG org.apache.http.wire -  << "date: Tue, 09 May 2023 10:05:01 GMT[\r][\n]"
17:04:57.688 [main] DEBUG org.apache.http.wire -  << "content-encoding: gzip[\r][\n]"
17:04:57.688 [main] DEBUG org.apache.http.wire -  << "transfer-encoding: chunked[\r][\n]"
17:04:57.688 [main] DEBUG org.apache.http.wire -  << "server: Fly/3f2597ca (2023-05-03)[\r][\n]"
17:04:57.688 [main] DEBUG org.apache.http.wire -  << "via: 1.1 fly.io[\r][\n]"
17:04:57.688 [main] DEBUG org.apache.http.wire -  << "fly-request-id: 01GZZZHCEBZKV66GCSECQHFDAK-sin[\r][\n]"
17:04:57.688 [main] DEBUG org.apache.http.wire -  << "[\r][\n]"
17:04:57.688 [main] DEBUG org.apache.http.impl.conn.DefaultClientConnection - Receiving response: HTTP/1.1 200 OK
17:04:57.688 [main] DEBUG org.apache.http.headers - << HTTP/1.1 200 OK
17:04:57.688 [main] DEBUG org.apache.http.headers - << content-type: application/json
17:04:57.688 [main] DEBUG org.apache.http.headers - << date: Tue, 09 May 2023 10:05:01 GMT
17:04:57.688 [main] DEBUG org.apache.http.headers - << content-encoding: gzip
17:04:57.688 [main] DEBUG org.apache.http.headers - << transfer-encoding: chunked
17:04:57.688 [main] DEBUG org.apache.http.headers - << server: Fly/3f2597ca (2023-05-03)
17:04:57.688 [main] DEBUG org.apache.http.headers - << via: 1.1 fly.io
17:04:57.688 [main] DEBUG org.apache.http.headers - << fly-request-id: 01GZZZHCEBZKV66GCSECQHFDAK-sin
17:04:57.688 [main] DEBUG org.apache.http.impl.client.DefaultHttpClient - Connection can be kept alive indefinitely
17:04:57.688 [main] DEBUG io.restassured.internal.RestAssuredHttpBuilder - Parsing response as: application/json
17:04:57.688 [main] DEBUG org.apache.http.wire -  << "87[\r][\n]"
17:04:57.688 [main] DEBUG org.apache.http.wire -  << "[0x1f][0x8b][0x8][0x0][0x0][0x0][0x0][0x0][0x4][0xff][0xab]VJI,IT[0xb2][0xaa]V[0xf2]tQ[0xb2]22203[0xd0]Qr+[0xcd][0xc9][0xc9]K[0xcc]MU[0xb2]Rr[0xca]O[0xca][0xcf]L[0xca][0xaf]T[0x8]I,MK[0xcc]SH[0xca][0xcc]Sp[0xcc]M,Q[0xd2]Qr[0xcd]M[0xcc][0xcc]Q[0xb2]RJ[0x82]*)[0x1][0xab]04tH[0x7]I[0xe8]%[0xe7][0xe7]*[0xe9]([0x5]$[0x16][0x17][0x97][0xe7][0x17][0xa5](Y)[0x15]'V&[0xa6]'[0xe6][0x95][0xa4][0xe6][0xa5][0x1b][0x1a][0x19]+[0xd5][0xd6]r[0x1][0x0][0xc8][0xe2][0x83][0x85]}[0x0][0x0][0x0]"
17:04:57.688 [main] DEBUG org.apache.http.wire -  << "[\r][\n]"
17:04:57.688 [main] DEBUG org.apache.http.wire -  << "0[\r][\n]"
17:04:57.688 [main] DEBUG org.apache.http.wire -  << "[\r][\n]"
17:04:57.688 [main] DEBUG io.restassured.internal.RestAssuredHttpBuilder - Parsed data to instance of: class org.apache.http.conn.EofSensorInputStream
17:04:57.690 [main] DEBUG org.apache.http.impl.conn.BasicClientConnectionManager - Releasing connection org.apache.http.impl.conn.ManagedClientConnectionImpl@3d50a3d9
17:04:57.690 [main] DEBUG org.apache.http.impl.conn.BasicClientConnectionManager - Connection can be kept alive indefinitely
17:04:57.691 [main] DEBUG net.thucydides.core.steps.StepInterceptor - STEP DONE: I send POST HTTP Request
  &amp#27;[32mWhen &amp#27;[0m&amp#27;[32mI send Post HTTP Request&amp#27;[0m                                         &amp#27;[90m# starter.stepDefinition.AuthSteps.sendPostHttpRequest()&amp#27;[0m
17:04:57.693 [main] DEBUG net.thucydides.core.steps.StepInterceptor - STARTING STEP: AuthSteps.receiveValidHttp201 - I receive valid HTTP response code is 201
17:04:57.694 [main] DEBUG net.thucydides.core.steps.StepInterceptor - STEP DONE: I receive valid HTTP response code is 201
  &amp#27;[32mThen &amp#27;[0m&amp#27;[32mI receive valid HTTP Response code 201&amp#27;[0m                           &amp#27;[90m# starter.stepDefinition.AuthSteps.receiveValidHttp201()&amp#27;[0m
17:04:57.696 [main] DEBUG net.thucydides.core.steps.StepInterceptor - STARTING STEP: AuthSteps.receiveValidDataForRatingProduct - I receive valid data for product category
17:04:57.725 [main] DEBUG net.thucydides.core.steps.StepInterceptor - STEP DONE: I receive valid data for product category
  &amp#27;[32mAnd &amp#27;[0m&amp#27;[32mI receive valid data for new user account&amp#27;[0m                         &amp#27;[90m# starter.stepDefinition.AuthSteps.receiveValidDataForRatingProduct()&amp#27;[0m
17:04:57.727 [main] INFO  - 
  _____   ___   ___   _____     ___     _     ___   ___   ___   ___  
 |_   _| | __| / __| |_   _|   | _ \   /_\   / __| / __| | __| |   \ 
   | |   | _|  \__ \   | |     |  _/  / _ \  \__ \ \__ \ | _|  | |) |
   |_|   |___| |___/   |_|     |_|   /_/ \_\ |___/ |___/ |___| |___/ 

POST - As admin I have be able to register a new user account
----------------------------------------------------------------------
]]></system-out>
  </testcase>
  <testcase name="POST - As admin I have be able to login existing user account" classname="Auth" time="0.194">
    <system-out><![CDATA[
Scenario: POST - As admin I have be able to login existing user account &amp#27;[90m# src/test/resources/features/Auth.feature:18&amp#27;[0m
17:04:57.736 [main] INFO io.cucumber.core.plugin.SerenityReporter - Running feature from file:///C:/Users/VICTUS/IdeaProjects/RestAssuredMiniProject/src/test/resources/features/Auth.feature
17:04:57.737 [main] INFO  - 
  _____   ___   ___   _____     ___   _____     _     ___   _____   ___   ___  
 |_   _| | __| / __| |_   _|   / __| |_   _|   /_\   | _ \ |_   _| | __| |   \ 
   | |   | _|  \__ \   | |     \__ \   | |    / _ \  |   /   | |   | _|  | |) |
   |_|   |___| |___/   |_|     |___/   |_|   /_/ \_\ |_|_\   |_|   |___| |___/ 

POST - As admin I have be able to login existing user account(auth;post---as-admin-i-have-be-able-to-login-existing-user-account)
--------------------------------------------------------------------------------
17:04:57.744 [main] DEBUG net.thucydides.core.steps.StepInterceptor - STARTING STEP: AuthSteps.setPostApiEndpoint - I set POST api endpoint
17:04:57.744 [main] DEBUG net.thucydides.core.steps.StepInterceptor - STEP DONE: I set POST api endpoint
  &amp#27;[32mGiven &amp#27;[0m&amp#27;[32mI set Post API endpoint&amp#27;[0m                                         &amp#27;[90m# starter.stepDefinition.AuthSteps.setPostApiEndpoint()&amp#27;[0m
17:04:57.746 [main] DEBUG net.thucydides.core.steps.StepInterceptor - STARTING STEP: AuthSteps.sendPostHTTPRequest - I send POST HTTP Request
17:04:57.749 [main] DEBUG net.thucydides.core.steps.StepInterceptor - STARTING STEP: PostLog.sendPostHttpRequest - I set POST api endpoint
17:04:57.749 [main] DEBUG net.thucydides.core.steps.StepInterceptor - STEP DONE: I set POST api endpoint
17:04:57.762 [main] DEBUG org.apache.http.impl.conn.BasicClientConnectionManager - Get connection for route {s}->https://altashop-api.fly.dev:443
17:04:57.762 [main] DEBUG org.apache.http.impl.conn.DefaultClientConnectionOperator - Connecting to altashop-api.fly.dev:443
17:04:57.861 [main] DEBUG org.apache.http.client.protocol.RequestAddCookies - CookieSpec selected: ignoreCookies
17:04:57.862 [main] DEBUG org.apache.http.client.protocol.RequestAuthCache - Auth cache not set in the context
17:04:57.862 [main] DEBUG org.apache.http.client.protocol.RequestTargetAuthentication - Target auth state: UNCHALLENGED
17:04:57.862 [main] DEBUG org.apache.http.client.protocol.RequestProxyAuthentication - Proxy auth state: UNCHALLENGED
17:04:57.862 [main] DEBUG org.apache.http.impl.client.DefaultHttpClient - Attempt 1 to execute request
17:04:57.862 [main] DEBUG org.apache.http.impl.conn.DefaultClientConnection - Sending request: POST /api/auth/login HTTP/1.1
17:04:57.862 [main] DEBUG org.apache.http.wire -  >> "POST /api/auth/login HTTP/1.1[\r][\n]"
17:04:57.862 [main] DEBUG org.apache.http.wire -  >> "Accept: */*[\r][\n]"
17:04:57.862 [main] DEBUG org.apache.http.wire -  >> "Content-Type: application/json[\r][\n]"
17:04:57.862 [main] DEBUG org.apache.http.wire -  >> "Content-Length: 48[\r][\n]"
17:04:57.862 [main] DEBUG org.apache.http.wire -  >> "Host: altashop-api.fly.dev[\r][\n]"
17:04:57.862 [main] DEBUG org.apache.http.wire -  >> "Connection: Keep-Alive[\r][\n]"
17:04:57.862 [main] DEBUG org.apache.http.wire -  >> "User-Agent: Apache-HttpClient/4.5.13 (Java/17.0.3.1)[\r][\n]"
17:04:57.862 [main] DEBUG org.apache.http.wire -  >> "Accept-Encoding: gzip,deflate[\r][\n]"
17:04:57.862 [main] DEBUG org.apache.http.wire -  >> "[\r][\n]"
17:04:57.862 [main] DEBUG org.apache.http.headers - >> POST /api/auth/login HTTP/1.1
17:04:57.862 [main] DEBUG org.apache.http.headers - >> Accept: */*
17:04:57.862 [main] DEBUG org.apache.http.headers - >> Content-Type: application/json
17:04:57.862 [main] DEBUG org.apache.http.headers - >> Content-Length: 48
17:04:57.862 [main] DEBUG org.apache.http.headers - >> Host: altashop-api.fly.dev
17:04:57.862 [main] DEBUG org.apache.http.headers - >> Connection: Keep-Alive
17:04:57.862 [main] DEBUG org.apache.http.headers - >> User-Agent: Apache-HttpClient/4.5.13 (Java/17.0.3.1)
17:04:57.862 [main] DEBUG org.apache.http.headers - >> Accept-Encoding: gzip,deflate
17:04:57.862 [main] DEBUG org.apache.http.wire -  >> "{"password":"123123","email":"someone@mail.com"}"
17:04:57.905 [main] DEBUG org.apache.http.wire -  << "HTTP/1.1 200 OK[\r][\n]"
17:04:57.905 [main] DEBUG org.apache.http.wire -  << "content-type: application/json[\r][\n]"
17:04:57.905 [main] DEBUG org.apache.http.wire -  << "date: Tue, 09 May 2023 10:05:01 GMT[\r][\n]"
17:04:57.905 [main] DEBUG org.apache.http.wire -  << "content-encoding: gzip[\r][\n]"
17:04:57.905 [main] DEBUG org.apache.http.wire -  << "transfer-encoding: chunked[\r][\n]"
17:04:57.905 [main] DEBUG org.apache.http.wire -  << "server: Fly/3f2597ca (2023-05-03)[\r][\n]"
17:04:57.905 [main] DEBUG org.apache.http.wire -  << "via: 1.1 fly.io[\r][\n]"
17:04:57.905 [main] DEBUG org.apache.http.wire -  << "fly-request-id: 01GZZZHCNDH88X6RKT9358GG9J-sin[\r][\n]"
17:04:57.905 [main] DEBUG org.apache.http.wire -  << "[\r][\n]"
17:04:57.905 [main] DEBUG org.apache.http.impl.conn.DefaultClientConnection - Receiving response: HTTP/1.1 200 OK
17:04:57.905 [main] DEBUG org.apache.http.headers - << HTTP/1.1 200 OK
17:04:57.905 [main] DEBUG org.apache.http.headers - << content-type: application/json
17:04:57.905 [main] DEBUG org.apache.http.headers - << date: Tue, 09 May 2023 10:05:01 GMT
17:04:57.905 [main] DEBUG org.apache.http.headers - << content-encoding: gzip
17:04:57.905 [main] DEBUG org.apache.http.headers - << transfer-encoding: chunked
17:04:57.905 [main] DEBUG org.apache.http.headers - << server: Fly/3f2597ca (2023-05-03)
17:04:57.905 [main] DEBUG org.apache.http.headers - << via: 1.1 fly.io
17:04:57.905 [main] DEBUG org.apache.http.headers - << fly-request-id: 01GZZZHCNDH88X6RKT9358GG9J-sin
17:04:57.905 [main] DEBUG org.apache.http.impl.client.DefaultHttpClient - Connection can be kept alive indefinitely
17:04:57.905 [main] DEBUG io.restassured.internal.RestAssuredHttpBuilder - Parsing response as: application/json
17:04:57.905 [main] DEBUG org.apache.http.wire -  << "AC[\r][\n]"
17:04:57.905 [main] DEBUG org.apache.http.wire -  << "[0x1f][0x8b][0x8][0x0][0x0][0x0][0x0][0x0][0x4][0xff][0xab]VJI,IT[0xb2]RJ[0xad][0xf4][0xca]HrO[0xce][0xf4][0xcf][0xf4][0xf2][0xc][0xad][0xf2]4[0xf4][0xcb][0xf4],[0xf6][0xcc][0xb]2Mv[0xf6]4[0xf3][0xcc].[0x88][0x8]s[0xf6][0xb2][0xd4]K[0xad][0xf4]rO[0x9][0xaf](N[0xca]u+[0x89][\n]"
17:04:57.905 [main] DEBUG org.apache.http.wire -  << "[0x6]K[0x94]%[0xba][0x9b][0xa4][0x7][0xb9][[0xe6]xf[0x96]g[0x6][0x85][0x1b]f$[0x86][0x97][0x83][0xc][0xa9]J22[0xcc]I22[0xcd][0x9]t[0x7][0x8b][0x95]F[0x1a]Y[0x96]x[0xe6][0x19][0xe8][0x85][0x97]9[0x5]W$[0x7][0xba][0x16][0x16][0xe6]e:[0x1b][0x96][0x19]X[0xf8]Te[0x17]y$[0xbb][0xfa][0xa4][0xa6][0x17][0x1b]$[0x99][0x97][0x95]d[0xb9][0x7][0x84]g&[0xba][0x86]'{*[0xd5]r[0x1][0x0]?[0x99][0xcf]j[0xa0][0x0][0x0][0x0]"
17:04:57.905 [main] DEBUG org.apache.http.wire -  << "[\r][\n]"
17:04:57.906 [main] DEBUG org.apache.http.wire -  << "0[\r][\n]"
17:04:57.906 [main] DEBUG org.apache.http.wire -  << "[\r][\n]"
17:04:57.906 [main] DEBUG io.restassured.internal.RestAssuredHttpBuilder - Parsed data to instance of: class org.apache.http.conn.EofSensorInputStream
17:04:57.907 [main] DEBUG org.apache.http.impl.conn.BasicClientConnectionManager - Releasing connection org.apache.http.impl.conn.ManagedClientConnectionImpl@4c8a9266
17:04:57.907 [main] DEBUG org.apache.http.impl.conn.BasicClientConnectionManager - Connection can be kept alive indefinitely
17:04:57.907 [main] DEBUG net.thucydides.core.steps.StepInterceptor - STEP DONE: I send POST HTTP Request
  &amp#27;[32mWhen &amp#27;[0m&amp#27;[32mI send Post HTTP request&amp#27;[0m                                         &amp#27;[90m# starter.stepDefinition.AuthSteps.sendPostHTTPRequest()&amp#27;[0m
17:04:57.909 [main] DEBUG net.thucydides.core.steps.StepInterceptor - STARTING STEP: AuthSteps.receiveValidHTTP201 - I receive valid HTTP response code is 201
17:04:57.910 [main] DEBUG net.thucydides.core.steps.StepInterceptor - STEP DONE: I receive valid HTTP response code is 201
  &amp#27;[32mThen &amp#27;[0m&amp#27;[32mI receive valid HTTP Response code is 201&amp#27;[0m                        &amp#27;[90m# starter.stepDefinition.AuthSteps.receiveValidHTTP201()&amp#27;[0m
17:04:57.912 [main] DEBUG net.thucydides.core.steps.StepInterceptor - STARTING STEP: AuthSteps.receiveValidDataRatingProduct - I receive valid data for product category
17:04:57.919 [main] DEBUG net.thucydides.core.steps.StepInterceptor - STEP DONE: I receive valid data for product category
  &amp#27;[32mAnd &amp#27;[0m&amp#27;[32mI receive valid data for existing user account&amp#27;[0m                    &amp#27;[90m# starter.stepDefinition.AuthSteps.receiveValidDataRatingProduct()&amp#27;[0m
17:04:57.921 [main] INFO  - 
  _____   ___   ___   _____     ___     _     ___   ___   ___   ___  
 |_   _| | __| / __| |_   _|   | _ \   /_\   / __| / __| | __| |   \ 
   | |   | _|  \__ \   | |     |  _/  / _ \  \__ \ \__ \ | _|  | |) |
   |_|   |___| |___/   |_|     |_|   /_/ \_\ |___/ |___/ |___| |___/ 

POST - As admin I have be able to login existing user account
----------------------------------------------------------------------
]]></system-out>
  </testcase>
  <testcase name="GET - As admin I have be able to get product category" classname="Category" time="0.203">
    <system-out><![CDATA[17:04:57.922 [main] INFO io.cucumber.core.plugin.SerenityReporter - Running feature from file:///C:/Users/VICTUS/IdeaProjects/RestAssuredMiniProject/src/test/resources/features/Category.feature
17:04:57.924 [main] DEBUG net.thucydides.core.steps.StepEventBus - Test suite started for story net.thucydides.core.model.Story@d99e90e8
17:04:57.924 [main] INFO  - Test Suite Started: Category

Scenario: GET - As admin I have be able to get product category &amp#27;[90m# src/test/resources/features/Category.feature:6&amp#27;[0m
17:04:57.931 [main] INFO io.cucumber.core.plugin.SerenityReporter - Running feature from file:///C:/Users/VICTUS/IdeaProjects/RestAssuredMiniProject/src/test/resources/features/Category.feature
17:04:57.933 [main] INFO  - 
  _____   ___   ___   _____     ___   _____     _     ___   _____   ___   ___  
 |_   _| | __| / __| |_   _|   / __| |_   _|   /_\   | _ \ |_   _| | __| |   \ 
   | |   | _|  \__ \   | |     \__ \   | |    / _ \  |   /   | |   | _|  | |) |
   |_|   |___| |___/   |_|     |___/   |_|   /_/ \_\ |_|_\   |_|   |___| |___/ 

GET - As admin I have be able to get product category(category;get---as-admin-i-have-be-able-to-get-product-category)
--------------------------------------------------------------------------------
17:04:57.952 [main] DEBUG net.thucydides.core.steps.StepInterceptor - STARTING STEP: CategorySteps.setGetApiEndpoints - I set GET API endpoint
17:04:57.952 [main] DEBUG net.thucydides.core.steps.StepInterceptor - STEP DONE: I set GET API endpoint
  &amp#27;[32mGiven &amp#27;[0m&amp#27;[32mI set GET api endpoint&amp#27;[0m                                  &amp#27;[90m# starter.stepDefinition.CategorySteps.setGetApiEndpoints()&amp#27;[0m
17:04:57.955 [main] DEBUG net.thucydides.core.steps.StepInterceptor - STARTING STEP: CategorySteps.sendGetHttpRequest - I send GET HTTP Request
17:04:57.955 [main] DEBUG net.thucydides.core.steps.StepInterceptor - STARTING STEP: Get.sendGetHttpRequest - I set GET API endpoint
17:04:57.955 [main] DEBUG net.thucydides.core.steps.StepInterceptor - STEP DONE: I set GET API endpoint
17:04:57.964 [main] DEBUG org.apache.http.impl.conn.BasicClientConnectionManager - Get connection for route {s}->https://altashop-api.fly.dev:443
17:04:57.964 [main] DEBUG org.apache.http.impl.conn.DefaultClientConnectionOperator - Connecting to altashop-api.fly.dev:443
17:04:58.067 [main] DEBUG org.apache.http.client.protocol.RequestAddCookies - CookieSpec selected: ignoreCookies
17:04:58.067 [main] DEBUG org.apache.http.client.protocol.RequestAuthCache - Auth cache not set in the context
17:04:58.067 [main] DEBUG org.apache.http.client.protocol.RequestTargetAuthentication - Target auth state: UNCHALLENGED
17:04:58.067 [main] DEBUG org.apache.http.client.protocol.RequestProxyAuthentication - Proxy auth state: UNCHALLENGED
17:04:58.067 [main] DEBUG org.apache.http.impl.client.DefaultHttpClient - Attempt 1 to execute request
17:04:58.067 [main] DEBUG org.apache.http.impl.conn.DefaultClientConnection - Sending request: GET /api/categories/12594 HTTP/1.1
17:04:58.067 [main] DEBUG org.apache.http.wire -  >> "GET /api/categories/12594 HTTP/1.1[\r][\n]"
17:04:58.067 [main] DEBUG org.apache.http.wire -  >> "Accept: */*[\r][\n]"
17:04:58.067 [main] DEBUG org.apache.http.wire -  >> "Host: altashop-api.fly.dev[\r][\n]"
17:04:58.067 [main] DEBUG org.apache.http.wire -  >> "Connection: Keep-Alive[\r][\n]"
17:04:58.067 [main] DEBUG org.apache.http.wire -  >> "User-Agent: Apache-HttpClient/4.5.13 (Java/17.0.3.1)[\r][\n]"
17:04:58.067 [main] DEBUG org.apache.http.wire -  >> "Accept-Encoding: gzip,deflate[\r][\n]"
17:04:58.067 [main] DEBUG org.apache.http.wire -  >> "[\r][\n]"
17:04:58.067 [main] DEBUG org.apache.http.headers - >> GET /api/categories/12594 HTTP/1.1
17:04:58.067 [main] DEBUG org.apache.http.headers - >> Accept: */*
17:04:58.067 [main] DEBUG org.apache.http.headers - >> Host: altashop-api.fly.dev
17:04:58.067 [main] DEBUG org.apache.http.headers - >> Connection: Keep-Alive
17:04:58.067 [main] DEBUG org.apache.http.headers - >> User-Agent: Apache-HttpClient/4.5.13 (Java/17.0.3.1)
17:04:58.067 [main] DEBUG org.apache.http.headers - >> Accept-Encoding: gzip,deflate
17:04:58.106 [main] DEBUG org.apache.http.wire -  << "HTTP/1.1 200 OK[\r][\n]"
17:04:58.106 [main] DEBUG org.apache.http.wire -  << "content-type: application/json[\r][\n]"
17:04:58.106 [main] DEBUG org.apache.http.wire -  << "date: Tue, 09 May 2023 10:05:01 GMT[\r][\n]"
17:04:58.106 [main] DEBUG org.apache.http.wire -  << "content-encoding: gzip[\r][\n]"
17:04:58.106 [main] DEBUG org.apache.http.wire -  << "transfer-encoding: chunked[\r][\n]"
17:04:58.106 [main] DEBUG org.apache.http.wire -  << "server: Fly/3f2597ca (2023-05-03)[\r][\n]"
17:04:58.106 [main] DEBUG org.apache.http.wire -  << "via: 1.1 fly.io[\r][\n]"
17:04:58.106 [main] DEBUG org.apache.http.wire -  << "fly-request-id: 01GZZZHCVQBAFFPCE06YDM6RPZ-sin[\r][\n]"
17:04:58.106 [main] DEBUG org.apache.http.wire -  << "[\r][\n]"
17:04:58.106 [main] DEBUG org.apache.http.impl.conn.DefaultClientConnection - Receiving response: HTTP/1.1 200 OK
17:04:58.106 [main] DEBUG org.apache.http.headers - << HTTP/1.1 200 OK
17:04:58.106 [main] DEBUG org.apache.http.headers - << content-type: application/json
17:04:58.106 [main] DEBUG org.apache.http.headers - << date: Tue, 09 May 2023 10:05:01 GMT
17:04:58.106 [main] DEBUG org.apache.http.headers - << content-encoding: gzip
17:04:58.106 [main] DEBUG org.apache.http.headers - << transfer-encoding: chunked
17:04:58.106 [main] DEBUG org.apache.http.headers - << server: Fly/3f2597ca (2023-05-03)
17:04:58.106 [main] DEBUG org.apache.http.headers - << via: 1.1 fly.io
17:04:58.106 [main] DEBUG org.apache.http.headers - << fly-request-id: 01GZZZHCVQBAFFPCE06YDM6RPZ-sin
17:04:58.107 [main] DEBUG org.apache.http.impl.client.DefaultHttpClient - Connection can be kept alive indefinitely
17:04:58.107 [main] DEBUG io.restassured.internal.RestAssuredHttpBuilder - Parsing response as: application/json
17:04:58.107 [main] DEBUG org.apache.http.wire -  << "5A[\r][\n]"
17:04:58.107 [main] DEBUG org.apache.http.wire -  << "[0x1f][0x8b][0x8][0x0][0x0][0x0][0x0][0x0][0x4][0xff][0xab]VJI,IT[0xb2][0xaa]V[0xf2]tQ[0xb2]242[0xb5]4[0xd1]Q[0xf2]K[0xcc]MU[0xb2]RJO[0xcc][0xcd][0xcc]KW[0xd2]QrI-N.[0xca],([0xc9][0xcc][0xcf]S[0xb2]RJ[0xcb]/R[0x80]H)[0x14][0x94][0x16][0x15][0xe4][0x17][0xa7][0x16]+[0xd5][0xd6]r[0x1][0x0]i4[0x90][0xe9]J[0x0][0x0][0x0]"
17:04:58.107 [main] DEBUG org.apache.http.wire -  << "[\r][\n]"
17:04:58.107 [main] DEBUG org.apache.http.wire -  << "0[\r][\n]"
17:04:58.107 [main] DEBUG org.apache.http.wire -  << "[\r][\n]"
17:04:58.107 [main] DEBUG io.restassured.internal.RestAssuredHttpBuilder - Parsed data to instance of: class org.apache.http.conn.EofSensorInputStream
17:04:58.108 [main] DEBUG org.apache.http.impl.conn.BasicClientConnectionManager - Releasing connection org.apache.http.impl.conn.ManagedClientConnectionImpl@3cc817bd
17:04:58.108 [main] DEBUG org.apache.http.impl.conn.BasicClientConnectionManager - Connection can be kept alive indefinitely
17:04:58.108 [main] DEBUG net.thucydides.core.steps.StepInterceptor - STEP DONE: I send GET HTTP Request
  &amp#27;[32mWhen &amp#27;[0m&amp#27;[32mI send GET HTTP Request&amp#27;[0m                                  &amp#27;[90m# starter.stepDefinition.CategorySteps.sendGetHttpRequest()&amp#27;[0m
17:04:58.111 [main] DEBUG net.thucydides.core.steps.StepInterceptor - STARTING STEP: CategorySteps.receiveValidHttpResponse - I receive valid HTTP response code is 200
17:04:58.111 [main] DEBUG net.thucydides.core.steps.StepInterceptor - STEP DONE: I receive valid HTTP response code is 200
  &amp#27;[32mThen &amp#27;[0m&amp#27;[32mI receive valid HTTP response code is 200&amp#27;[0m                &amp#27;[90m# starter.stepDefinition.CategorySteps.receiveValidHttpResponse()&amp#27;[0m
17:04:58.113 [main] DEBUG net.thucydides.core.steps.StepInterceptor - STARTING STEP: CategorySteps.receiveValidDataForDetailProduct - I receive valid data for product comment
17:04:58.126 [main] DEBUG net.thucydides.core.steps.StepInterceptor - STEP DONE: I receive valid data for product comment
  &amp#27;[32mAnd &amp#27;[0m&amp#27;[32mI receive valid data for product category&amp#27;[0m                 &amp#27;[90m# starter.stepDefinition.CategorySteps.receiveValidDataForDetailProduct()&amp#27;[0m
17:04:58.127 [main] INFO  - 
  _____   ___   ___   _____     ___     _     ___   ___   ___   ___  
 |_   _| | __| / __| |_   _|   | _ \   /_\   / __| / __| | __| |   \ 
   | |   | _|  \__ \   | |     |  _/  / _ \  \__ \ \__ \ | _|  | |) |
   |_|   |___| |___/   |_|     |_|   /_/ \_\ |___/ |___/ |___| |___/ 

GET - As admin I have be able to get product category
----------------------------------------------------------------------
]]></system-out>
  </testcase>
  <testcase name="POST - As admin I have be able to assign a product category" classname="Category" time="0.194">
    <system-out><![CDATA[
Scenario: POST - As admin I have be able to assign a product category &amp#27;[90m# src/test/resources/features/Category.feature:12&amp#27;[0m
17:04:58.135 [main] INFO io.cucumber.core.plugin.SerenityReporter - Running feature from file:///C:/Users/VICTUS/IdeaProjects/RestAssuredMiniProject/src/test/resources/features/Category.feature
17:04:58.136 [main] INFO  - 
  _____   ___   ___   _____     ___   _____     _     ___   _____   ___   ___  
 |_   _| | __| / __| |_   _|   / __| |_   _|   /_\   | _ \ |_   _| | __| |   \ 
   | |   | _|  \__ \   | |     \__ \   | |    / _ \  |   /   | |   | _|  | |) |
   |_|   |___| |___/   |_|     |___/   |_|   /_/ \_\ |_|_\   |_|   |___| |___/ 

POST - As admin I have be able to assign a product category(category;post---as-admin-i-have-be-able-to-assign-a-product-category)
--------------------------------------------------------------------------------
17:04:58.142 [main] DEBUG net.thucydides.core.steps.StepInterceptor - STARTING STEP: CategorySteps.setPostApiEndpoints - I set POST api endpoint
17:04:58.143 [main] DEBUG net.thucydides.core.steps.StepInterceptor - STEP DONE: I set POST api endpoint
  &amp#27;[32mGiven &amp#27;[0m&amp#27;[32mI set POST api endpoint&amp#27;[0m                                       &amp#27;[90m# starter.stepDefinition.CategorySteps.setPostApiEndpoints()&amp#27;[0m
17:04:58.144 [main] DEBUG net.thucydides.core.steps.StepInterceptor - STARTING STEP: CategorySteps.sendPostHttpRequest - I send POST HTTP Request
17:04:58.156 [main] DEBUG net.thucydides.core.steps.StepInterceptor - STARTING STEP: Post.sendPostHttpRequest - I set POST api endpoint
17:04:58.156 [main] DEBUG net.thucydides.core.steps.StepInterceptor - STEP DONE: I set POST api endpoint
17:04:58.158 [Finalizer] DEBUG org.apache.http.impl.conn.DefaultClientConnection - Connection 0.0.0.0:61622<->149.248.193.56:443 closed
17:04:58.159 [Finalizer] DEBUG org.apache.http.impl.conn.DefaultClientConnection - Connection 0.0.0.0:61621<->149.248.193.56:443 closed
17:04:58.159 [Finalizer] DEBUG org.apache.http.impl.conn.DefaultClientConnection - Connection 0.0.0.0:61623<->149.248.193.56:443 closed
17:04:58.164 [main] DEBUG org.apache.http.impl.conn.BasicClientConnectionManager - Get connection for route {s}->https://altashop-api.fly.dev:443
17:04:58.164 [main] DEBUG org.apache.http.impl.conn.DefaultClientConnectionOperator - Connecting to altashop-api.fly.dev:443
17:04:58.254 [main] DEBUG org.apache.http.client.protocol.RequestAddCookies - CookieSpec selected: ignoreCookies
17:04:58.254 [main] DEBUG org.apache.http.client.protocol.RequestAuthCache - Auth cache not set in the context
17:04:58.254 [main] DEBUG org.apache.http.client.protocol.RequestTargetAuthentication - Target auth state: UNCHALLENGED
17:04:58.254 [main] DEBUG org.apache.http.client.protocol.RequestProxyAuthentication - Proxy auth state: UNCHALLENGED
17:04:58.254 [main] DEBUG org.apache.http.impl.client.DefaultHttpClient - Attempt 1 to execute request
17:04:58.254 [main] DEBUG org.apache.http.impl.conn.DefaultClientConnection - Sending request: POST /api/categories HTTP/1.1
17:04:58.254 [main] DEBUG org.apache.http.wire -  >> "POST /api/categories HTTP/1.1[\r][\n]"
17:04:58.254 [main] DEBUG org.apache.http.wire -  >> "Accept: */*[\r][\n]"
17:04:58.255 [main] DEBUG org.apache.http.wire -  >> "Content-Type: application/json[\r][\n]"
17:04:58.255 [main] DEBUG org.apache.http.wire -  >> "Content-Length: 94[\r][\n]"
17:04:58.255 [main] DEBUG org.apache.http.wire -  >> "Host: altashop-api.fly.dev[\r][\n]"
17:04:58.255 [main] DEBUG org.apache.http.wire -  >> "Connection: Keep-Alive[\r][\n]"
17:04:58.255 [main] DEBUG org.apache.http.wire -  >> "User-Agent: Apache-HttpClient/4.5.13 (Java/17.0.3.1)[\r][\n]"
17:04:58.255 [main] DEBUG org.apache.http.wire -  >> "Accept-Encoding: gzip,deflate[\r][\n]"
17:04:58.255 [main] DEBUG org.apache.http.wire -  >> "[\r][\n]"
17:04:58.255 [main] DEBUG org.apache.http.headers - >> POST /api/categories HTTP/1.1
17:04:58.255 [main] DEBUG org.apache.http.headers - >> Accept: */*
17:04:58.255 [main] DEBUG org.apache.http.headers - >> Content-Type: application/json
17:04:58.255 [main] DEBUG org.apache.http.headers - >> Content-Length: 94
17:04:58.255 [main] DEBUG org.apache.http.headers - >> Host: altashop-api.fly.dev
17:04:58.255 [main] DEBUG org.apache.http.headers - >> Connection: Keep-Alive
17:04:58.255 [main] DEBUG org.apache.http.headers - >> User-Agent: Apache-HttpClient/4.5.13 (Java/17.0.3.1)
17:04:58.255 [main] DEBUG org.apache.http.headers - >> Accept-Encoding: gzip,deflate
17:04:58.255 [main] DEBUG org.apache.http.wire -  >> "{"name":"film anak anak","description":"meskipun film anak anak, ortu harus tetap dampingi y"}"
17:04:58.301 [main] DEBUG org.apache.http.wire -  << "HTTP/1.1 200 OK[\r][\n]"
17:04:58.301 [main] DEBUG org.apache.http.wire -  << "content-type: application/json[\r][\n]"
17:04:58.301 [main] DEBUG org.apache.http.wire -  << "date: Tue, 09 May 2023 10:05:01 GMT[\r][\n]"
17:04:58.301 [main] DEBUG org.apache.http.wire -  << "content-encoding: gzip[\r][\n]"
17:04:58.301 [main] DEBUG org.apache.http.wire -  << "transfer-encoding: chunked[\r][\n]"
17:04:58.301 [main] DEBUG org.apache.http.wire -  << "server: Fly/3f2597ca (2023-05-03)[\r][\n]"
17:04:58.301 [main] DEBUG org.apache.http.wire -  << "via: 1.1 fly.io[\r][\n]"
17:04:58.301 [main] DEBUG org.apache.http.wire -  << "fly-request-id: 01GZZZHD1QV0TPT9TZH2ZEP5C7-sin[\r][\n]"
17:04:58.301 [main] DEBUG org.apache.http.wire -  << "[\r][\n]"
17:04:58.302 [main] DEBUG org.apache.http.impl.conn.DefaultClientConnection - Receiving response: HTTP/1.1 200 OK
17:04:58.302 [main] DEBUG org.apache.http.headers - << HTTP/1.1 200 OK
17:04:58.302 [main] DEBUG org.apache.http.headers - << content-type: application/json
17:04:58.302 [main] DEBUG org.apache.http.headers - << date: Tue, 09 May 2023 10:05:01 GMT
17:04:58.302 [main] DEBUG org.apache.http.headers - << content-encoding: gzip
17:04:58.302 [main] DEBUG org.apache.http.headers - << transfer-encoding: chunked
17:04:58.302 [main] DEBUG org.apache.http.headers - << server: Fly/3f2597ca (2023-05-03)
17:04:58.302 [main] DEBUG org.apache.http.headers - << via: 1.1 fly.io
17:04:58.302 [main] DEBUG org.apache.http.headers - << fly-request-id: 01GZZZHD1QV0TPT9TZH2ZEP5C7-sin
17:04:58.302 [main] DEBUG org.apache.http.impl.client.DefaultHttpClient - Connection can be kept alive indefinitely
17:04:58.302 [main] DEBUG io.restassured.internal.RestAssuredHttpBuilder - Parsing response as: application/json
17:04:58.302 [main] DEBUG org.apache.http.wire -  << "77[\r][\n]"
17:04:58.302 [main] DEBUG org.apache.http.wire -  << "[0x1f][0x8b][0x8][0x0][0x0][0x0][0x0][0x0][0x4][0xff][0xab]VJI,IT[0xb2][0xaa]V[0xf2]tQ[0xb2]24[0xb6]40[0xd1]Q[0xf2]K[0xcc]MU[0xb2]RJ[0xcb][0xcc][0xc9]UH[0xcc]K[0xcc][0x6][0x13]J:J.[0xa9][0xc5][0xc9]E[0x99][0x5]%[0x99][0xf9]yJVJ[0xb9][0xa9][0xc5][0xd9][0x99][0x5][0xa5]y[\n]"
17:04:58.302 [main] DEBUG org.apache.http.wire -  << "[0xa8][0xea]t[0x14][0xf2][0x8b]JJ[0x15]2[0x12][0x8b]J[0x8b][0x15]JRK[0x12][0xb][0x14]R[0x12]s[0xb]2[0xf3][0xd2]3[0x15]*[0x95]jk[0xb9][0x0]iw[0xe8]Us[0x0][0x0][0x0]"
17:04:58.302 [main] DEBUG org.apache.http.wire -  << "[\r][\n]"
17:04:58.302 [main] DEBUG org.apache.http.wire -  << "0[\r][\n]"
17:04:58.302 [main] DEBUG org.apache.http.wire -  << "[\r][\n]"
17:04:58.302 [main] DEBUG io.restassured.internal.RestAssuredHttpBuilder - Parsed data to instance of: class org.apache.http.conn.EofSensorInputStream
17:04:58.303 [main] DEBUG org.apache.http.impl.conn.BasicClientConnectionManager - Releasing connection org.apache.http.impl.conn.ManagedClientConnectionImpl@6ad26381
17:04:58.303 [main] DEBUG org.apache.http.impl.conn.BasicClientConnectionManager - Connection can be kept alive indefinitely
17:04:58.303 [main] DEBUG net.thucydides.core.steps.StepInterceptor - STEP DONE: I send POST HTTP Request
  &amp#27;[32mWhen &amp#27;[0m&amp#27;[32mI send POST HTTP Request&amp#27;[0m                                       &amp#27;[90m# starter.stepDefinition.CategorySteps.sendPostHttpRequest()&amp#27;[0m
17:04:58.305 [main] DEBUG net.thucydides.core.steps.StepInterceptor - STARTING STEP: CategorySteps.receiveValidHttp201 - I receive valid HTTP response code is 201
17:04:58.306 [main] DEBUG net.thucydides.core.steps.StepInterceptor - STEP DONE: I receive valid HTTP response code is 201
  &amp#27;[32mThen &amp#27;[0m&amp#27;[32mI receive valid HTTP response code is 201&amp#27;[0m                      &amp#27;[90m# starter.stepDefinition.CategorySteps.receiveValidHttp201()&amp#27;[0m
17:04:58.309 [main] DEBUG net.thucydides.core.steps.StepInterceptor - STARTING STEP: CategorySteps.receiveValidDataForRatingProduct - I receive valid data for product category
17:04:58.319 [main] DEBUG net.thucydides.core.steps.StepInterceptor - STEP DONE: I receive valid data for product category
  &amp#27;[32mAnd &amp#27;[0m&amp#27;[32mI receive valid data for new product category&amp#27;[0m                   &amp#27;[90m# starter.stepDefinition.CategorySteps.receiveValidDataForRatingProduct()&amp#27;[0m
17:04:58.320 [main] INFO  - 
  _____   ___   ___   _____     ___     _     ___   ___   ___   ___  
 |_   _| | __| / __| |_   _|   | _ \   /_\   / __| / __| | __| |   \ 
   | |   | _|  \__ \   | |     |  _/  / _ \  \__ \ \__ \ | _|  | |) |
   |_|   |___| |___/   |_|     |_|   /_/ \_\ |___/ |___/ |___| |___/ 

POST - As admin I have be able to assign a product category
----------------------------------------------------------------------
]]></system-out>
  </testcase>
  <testcase name="DELETE - As admin I have be able to delete existing category" classname="Category" time="0.165">
    <system-out><![CDATA[
Scenario: DELETE - As admin I have be able to delete existing category &amp#27;[90m# src/test/resources/features/Category.feature:18&amp#27;[0m
17:04:58.327 [main] INFO io.cucumber.core.plugin.SerenityReporter - Running feature from file:///C:/Users/VICTUS/IdeaProjects/RestAssuredMiniProject/src/test/resources/features/Category.feature
17:04:58.328 [main] INFO  - 
  _____   ___   ___   _____     ___   _____     _     ___   _____   ___   ___  
 |_   _| | __| / __| |_   _|   / __| |_   _|   /_\   | _ \ |_   _| | __| |   \ 
   | |   | _|  \__ \   | |     \__ \   | |    / _ \  |   /   | |   | _|  | |) |
   |_|   |___| |___/   |_|     |___/   |_|   /_/ \_\ |_|_\   |_|   |___| |___/ 

DELETE - As admin I have be able to delete existing category(category;delete---as-admin-i-have-be-able-to-delete-existing-category)
--------------------------------------------------------------------------------
17:04:58.334 [main] DEBUG net.thucydides.core.steps.StepInterceptor - STARTING STEP: CategorySteps.setDeleteApiEndpoints - I set DELETE api endpoint
17:04:58.334 [main] DEBUG net.thucydides.core.steps.StepInterceptor - STEP DONE: I set DELETE api endpoint
  &amp#27;[32mGiven &amp#27;[0m&amp#27;[32mI set DELETE api endpoint&amp#27;[0m                                      &amp#27;[90m# starter.stepDefinition.CategorySteps.setDeleteApiEndpoints()&amp#27;[0m
17:04:58.336 [main] DEBUG net.thucydides.core.steps.StepInterceptor - STARTING STEP: CategorySteps.sendDeleteHttpRequest - I send DELETE HTTP request
17:04:58.336 [main] DEBUG net.thucydides.core.steps.StepInterceptor - STARTING STEP: Delete.sendDeleteHttpRequest - I set DELETE api endpoint
17:04:58.336 [main] DEBUG net.thucydides.core.steps.StepInterceptor - STEP DONE: I set DELETE api endpoint
17:04:58.343 [main] DEBUG org.apache.http.impl.conn.BasicClientConnectionManager - Get connection for route {s}->https://altashop-api.fly.dev:443
17:04:58.343 [main] DEBUG org.apache.http.impl.conn.DefaultClientConnectionOperator - Connecting to altashop-api.fly.dev:443
17:04:58.440 [main] DEBUG org.apache.http.client.protocol.RequestAddCookies - CookieSpec selected: ignoreCookies
17:04:58.440 [main] DEBUG org.apache.http.client.protocol.RequestAuthCache - Auth cache not set in the context
17:04:58.440 [main] DEBUG org.apache.http.client.protocol.RequestTargetAuthentication - Target auth state: UNCHALLENGED
17:04:58.440 [main] DEBUG org.apache.http.client.protocol.RequestProxyAuthentication - Proxy auth state: UNCHALLENGED
17:04:58.440 [main] DEBUG org.apache.http.impl.client.DefaultHttpClient - Attempt 1 to execute request
17:04:58.440 [main] DEBUG org.apache.http.impl.conn.DefaultClientConnection - Sending request: DELETE /api/categories/12615 HTTP/1.1
17:04:58.440 [main] DEBUG org.apache.http.wire -  >> "DELETE /api/categories/12615 HTTP/1.1[\r][\n]"
17:04:58.440 [main] DEBUG org.apache.http.wire -  >> "Accept: */*[\r][\n]"
17:04:58.440 [main] DEBUG org.apache.http.wire -  >> "Host: altashop-api.fly.dev[\r][\n]"
17:04:58.440 [main] DEBUG org.apache.http.wire -  >> "Connection: Keep-Alive[\r][\n]"
17:04:58.440 [main] DEBUG org.apache.http.wire -  >> "User-Agent: Apache-HttpClient/4.5.13 (Java/17.0.3.1)[\r][\n]"
17:04:58.440 [main] DEBUG org.apache.http.wire -  >> "Accept-Encoding: gzip,deflate[\r][\n]"
17:04:58.440 [main] DEBUG org.apache.http.wire -  >> "[\r][\n]"
17:04:58.440 [main] DEBUG org.apache.http.headers - >> DELETE /api/categories/12615 HTTP/1.1
17:04:58.440 [main] DEBUG org.apache.http.headers - >> Accept: */*
17:04:58.440 [main] DEBUG org.apache.http.headers - >> Host: altashop-api.fly.dev
17:04:58.440 [main] DEBUG org.apache.http.headers - >> Connection: Keep-Alive
17:04:58.440 [main] DEBUG org.apache.http.headers - >> User-Agent: Apache-HttpClient/4.5.13 (Java/17.0.3.1)
17:04:58.440 [main] DEBUG org.apache.http.headers - >> Accept-Encoding: gzip,deflate
17:04:58.481 [main] DEBUG org.apache.http.wire -  << "HTTP/1.1 200 OK[\r][\n]"
17:04:58.481 [main] DEBUG org.apache.http.wire -  << "content-type: application/json[\r][\n]"
17:04:58.481 [main] DEBUG org.apache.http.wire -  << "date: Tue, 09 May 2023 10:05:02 GMT[\r][\n]"
17:04:58.481 [main] DEBUG org.apache.http.wire -  << "content-encoding: gzip[\r][\n]"
17:04:58.481 [main] DEBUG org.apache.http.wire -  << "transfer-encoding: chunked[\r][\n]"
17:04:58.481 [main] DEBUG org.apache.http.wire -  << "server: Fly/3f2597ca (2023-05-03)[\r][\n]"
17:04:58.481 [main] DEBUG org.apache.http.wire -  << "via: 1.1 fly.io[\r][\n]"
17:04:58.481 [main] DEBUG org.apache.http.wire -  << "fly-request-id: 01GZZZHD7C5AX1G41X4SYJT7C5-sin[\r][\n]"
17:04:58.481 [main] DEBUG org.apache.http.wire -  << "[\r][\n]"
17:04:58.481 [main] DEBUG org.apache.http.impl.conn.DefaultClientConnection - Receiving response: HTTP/1.1 200 OK
17:04:58.481 [main] DEBUG org.apache.http.headers - << HTTP/1.1 200 OK
17:04:58.481 [main] DEBUG org.apache.http.headers - << content-type: application/json
17:04:58.481 [main] DEBUG org.apache.http.headers - << date: Tue, 09 May 2023 10:05:02 GMT
17:04:58.481 [main] DEBUG org.apache.http.headers - << content-encoding: gzip
17:04:58.481 [main] DEBUG org.apache.http.headers - << transfer-encoding: chunked
17:04:58.481 [main] DEBUG org.apache.http.headers - << server: Fly/3f2597ca (2023-05-03)
17:04:58.481 [main] DEBUG org.apache.http.headers - << via: 1.1 fly.io
17:04:58.481 [main] DEBUG org.apache.http.headers - << fly-request-id: 01GZZZHD7C5AX1G41X4SYJT7C5-sin
17:04:58.481 [main] DEBUG org.apache.http.impl.client.DefaultHttpClient - Connection can be kept alive indefinitely
17:04:58.481 [main] DEBUG io.restassured.internal.RestAssuredHttpBuilder - Parsing response as: application/json
17:04:58.481 [main] DEBUG org.apache.http.wire -  << "22[\r][\n]"
17:04:58.481 [main] DEBUG org.apache.http.wire -  << "[0x1f][0x8b][0x8][0x0][0x0][0x0][0x0][0x0][0x4][0xff][0xab]VJI,IT[0xb2][0xca]+[0xcd][0xc9][0xa9][0xe5][0x2][0x0][0xa3][0xab][0x8f]W[0xe][0x0][0x0][0x0]"
17:04:58.481 [main] DEBUG org.apache.http.wire -  << "[\r][\n]"
17:04:58.482 [main] DEBUG org.apache.http.wire -  << "0[\r][\n]"
17:04:58.482 [main] DEBUG org.apache.http.wire -  << "[\r][\n]"
17:04:58.482 [main] DEBUG io.restassured.internal.RestAssuredHttpBuilder - Parsed data to instance of: class org.apache.http.conn.EofSensorInputStream
17:04:58.482 [main] DEBUG org.apache.http.impl.conn.BasicClientConnectionManager - Releasing connection org.apache.http.impl.conn.ManagedClientConnectionImpl@632b96b8
17:04:58.482 [main] DEBUG org.apache.http.impl.conn.BasicClientConnectionManager - Connection can be kept alive indefinitely
17:04:58.483 [main] DEBUG net.thucydides.core.steps.StepInterceptor - STEP DONE: I send DELETE HTTP request
  &amp#27;[32mWhen &amp#27;[0m&amp#27;[32mI send DELETE HTTP Request&amp#27;[0m                                      &amp#27;[90m# starter.stepDefinition.CategorySteps.sendDeleteHttpRequest()&amp#27;[0m
17:04:58.485 [main] DEBUG net.thucydides.core.steps.StepInterceptor - STARTING STEP: CategorySteps.receiveValidHTTPresponse - I receive valid HTTP response code 204
17:04:58.485 [main] DEBUG net.thucydides.core.steps.StepInterceptor - STEP DONE: I receive valid HTTP response code 204
  &amp#27;[32mThen &amp#27;[0m&amp#27;[32mI receive valid HTTP response code is 204&amp#27;[0m                       &amp#27;[90m# starter.stepDefinition.CategorySteps.receiveValidHTTPresponse()&amp#27;[0m
17:04:58.486 [main] INFO  - 
  _____   ___   ___   _____     ___     _     ___   ___   ___   ___  
 |_   _| | __| / __| |_   _|   | _ \   /_\   / __| / __| | __| |   \ 
   | |   | _|  \__ \   | |     |  _/  / _ \  \__ \ \__ \ | _|  | |) |
   |_|   |___| |___/   |_|     |_|   /_/ \_\ |___/ |___/ |___| |___/ 

DELETE - As admin I have be able to delete existing category
----------------------------------------------------------------------
]]></system-out>
  </testcase>
  <testcase name="GET - As admin I have be able to get product comment" classname="Comment" time="0.186">
    <system-out><![CDATA[17:04:58.487 [main] INFO io.cucumber.core.plugin.SerenityReporter - Running feature from file:///C:/Users/VICTUS/IdeaProjects/RestAssuredMiniProject/src/test/resources/features/Comment.feature
17:04:58.487 [main] DEBUG net.thucydides.core.steps.StepEventBus - Test suite started for story net.thucydides.core.model.Story@79003fc8
17:04:58.488 [main] INFO  - Test Suite Started: Comment

Scenario: GET - As admin I have be able to get product comment &amp#27;[90m# src/test/resources/features/Comment.feature:6&amp#27;[0m
17:04:58.492 [main] INFO io.cucumber.core.plugin.SerenityReporter - Running feature from file:///C:/Users/VICTUS/IdeaProjects/RestAssuredMiniProject/src/test/resources/features/Comment.feature
17:04:58.493 [main] INFO  - 
  _____   ___   ___   _____     ___   _____     _     ___   _____   ___   ___  
 |_   _| | __| / __| |_   _|   / __| |_   _|   /_\   | _ \ |_   _| | __| |   \ 
   | |   | _|  \__ \   | |     \__ \   | |    / _ \  |   /   | |   | _|  | |) |
   |_|   |___| |___/   |_|     |___/   |_|   /_/ \_\ |_|_\   |_|   |___| |___/ 

GET - As admin I have be able to get product comment(comment;get---as-admin-i-have-be-able-to-get-product-comment)
--------------------------------------------------------------------------------
17:04:58.503 [main] DEBUG net.thucydides.core.steps.StepInterceptor - STARTING STEP: CommentSteps.setGetApiEndpoints - I set GET API endpoint
17:04:58.504 [main] DEBUG net.thucydides.core.steps.StepInterceptor - STEP DONE: I set GET API endpoint
  &amp#27;[32mGiven &amp#27;[0m&amp#27;[32mI set GET API endpoint&amp#27;[0m                                 &amp#27;[90m# starter.stepDefinition.CommentSteps.setGetApiEndpoints()&amp#27;[0m
17:04:58.505 [main] DEBUG net.thucydides.core.steps.StepInterceptor - STARTING STEP: CommentSteps.sendGetHttpRequest - I send GET HTTP Request
17:04:58.506 [main] DEBUG net.thucydides.core.steps.StepInterceptor - STARTING STEP: Get.sendGetHttpRequest - I set GET API endpoint
17:04:58.506 [main] DEBUG net.thucydides.core.steps.StepInterceptor - STEP DONE: I set GET API endpoint
17:04:58.513 [main] DEBUG org.apache.http.impl.conn.BasicClientConnectionManager - Get connection for route {s}->https://altashop-api.fly.dev:443
17:04:58.513 [main] DEBUG org.apache.http.impl.conn.DefaultClientConnectionOperator - Connecting to altashop-api.fly.dev:443
17:04:58.611 [main] DEBUG org.apache.http.client.protocol.RequestAddCookies - CookieSpec selected: ignoreCookies
17:04:58.611 [main] DEBUG org.apache.http.client.protocol.RequestAuthCache - Auth cache not set in the context
17:04:58.611 [main] DEBUG org.apache.http.client.protocol.RequestTargetAuthentication - Target auth state: UNCHALLENGED
17:04:58.611 [main] DEBUG org.apache.http.client.protocol.RequestProxyAuthentication - Proxy auth state: UNCHALLENGED
17:04:58.611 [main] DEBUG org.apache.http.impl.client.DefaultHttpClient - Attempt 1 to execute request
17:04:58.611 [main] DEBUG org.apache.http.impl.conn.DefaultClientConnection - Sending request: GET /api/products/13425/comments HTTP/1.1
17:04:58.611 [main] DEBUG org.apache.http.wire -  >> "GET /api/products/13425/comments HTTP/1.1[\r][\n]"
17:04:58.611 [main] DEBUG org.apache.http.wire -  >> "Accept: */*[\r][\n]"
17:04:58.611 [main] DEBUG org.apache.http.wire -  >> "Host: altashop-api.fly.dev[\r][\n]"
17:04:58.612 [main] DEBUG org.apache.http.wire -  >> "Connection: Keep-Alive[\r][\n]"
17:04:58.612 [main] DEBUG org.apache.http.wire -  >> "User-Agent: Apache-HttpClient/4.5.13 (Java/17.0.3.1)[\r][\n]"
17:04:58.612 [main] DEBUG org.apache.http.wire -  >> "Accept-Encoding: gzip,deflate[\r][\n]"
17:04:58.612 [main] DEBUG org.apache.http.wire -  >> "[\r][\n]"
17:04:58.612 [main] DEBUG org.apache.http.headers - >> GET /api/products/13425/comments HTTP/1.1
17:04:58.612 [main] DEBUG org.apache.http.headers - >> Accept: */*
17:04:58.612 [main] DEBUG org.apache.http.headers - >> Host: altashop-api.fly.dev
17:04:58.612 [main] DEBUG org.apache.http.headers - >> Connection: Keep-Alive
17:04:58.612 [main] DEBUG org.apache.http.headers - >> User-Agent: Apache-HttpClient/4.5.13 (Java/17.0.3.1)
17:04:58.612 [main] DEBUG org.apache.http.headers - >> Accept-Encoding: gzip,deflate
17:04:58.649 [main] DEBUG org.apache.http.wire -  << "HTTP/1.1 200 OK[\r][\n]"
17:04:58.649 [main] DEBUG org.apache.http.wire -  << "content-type: application/json[\r][\n]"
17:04:58.649 [main] DEBUG org.apache.http.wire -  << "date: Tue, 09 May 2023 10:05:02 GMT[\r][\n]"
17:04:58.649 [main] DEBUG org.apache.http.wire -  << "transfer-encoding: chunked[\r][\n]"
17:04:58.649 [main] DEBUG org.apache.http.wire -  << "content-encoding: gzip[\r][\n]"
17:04:58.649 [main] DEBUG org.apache.http.wire -  << "server: Fly/3f2597ca (2023-05-03)[\r][\n]"
17:04:58.649 [main] DEBUG org.apache.http.wire -  << "via: 1.1 fly.io[\r][\n]"
17:04:58.649 [main] DEBUG org.apache.http.wire -  << "fly-request-id: 01GZZZHDCRNM6CY0P5RW1QYRVR-sin[\r][\n]"
17:04:58.649 [main] DEBUG org.apache.http.wire -  << "[\r][\n]"
17:04:58.649 [main] DEBUG org.apache.http.impl.conn.DefaultClientConnection - Receiving response: HTTP/1.1 200 OK
17:04:58.649 [main] DEBUG org.apache.http.headers - << HTTP/1.1 200 OK
17:04:58.649 [main] DEBUG org.apache.http.headers - << content-type: application/json
17:04:58.649 [main] DEBUG org.apache.http.headers - << date: Tue, 09 May 2023 10:05:02 GMT
17:04:58.649 [main] DEBUG org.apache.http.headers - << transfer-encoding: chunked
17:04:58.649 [main] DEBUG org.apache.http.headers - << content-encoding: gzip
17:04:58.649 [main] DEBUG org.apache.http.headers - << server: Fly/3f2597ca (2023-05-03)
17:04:58.649 [main] DEBUG org.apache.http.headers - << via: 1.1 fly.io
17:04:58.649 [main] DEBUG org.apache.http.headers - << fly-request-id: 01GZZZHDCRNM6CY0P5RW1QYRVR-sin
17:04:58.651 [main] DEBUG org.apache.http.impl.client.DefaultHttpClient - Connection can be kept alive indefinitely
17:04:58.651 [main] DEBUG io.restassured.internal.RestAssuredHttpBuilder - Parsing response as: application/json
17:04:58.651 [main] DEBUG org.apache.http.wire -  << "CA[\r][\n]"
17:04:58.651 [main] DEBUG org.apache.http.wire -  << "[0x1f][0x8b][0x8][0x0][0x0][0x0][0x0][0x0][0x4][0xff][0xaa]VJI,IT[0xb2][0x8a][0xae]V[0xf2]tQ[0xb2]240[0xb3]0[0xd0]Qr[0xce][0xcf]+I[0xcd]+Q[0xb2]R[\n]"
17:04:58.651 [main] DEBUG org.apache.http.wire -  << "[0xc9]HUHI-[0xce]L[0xcf]S[0xc8],VH[0xcd]IMO[0xcc]+QH[0xcc]KQ([0xc9]HUHN,JM+[0xcd][0xc9][0xa9]T(N[0xcd]IM.IMQ(HM,[0xca])VH[0xcf],KU[0xc8],QHTHJM,-[0xc9]L+[0xcd]Q(.H,[0xca][0xce]IU[0xd2]Q[\n]"
17:04:58.651 [main] DEBUG org.apache.http.wire -  << "-N-R[0xb2][0xca]+[0xcd][0xc9][0xd1]Q[\n]"
17:04:58.651 [main] DEBUG org.apache.http.wire -  << "([0xca]O)M.[0x81]q[0x9d][0xf3]ss[0xc1]V[0x83]dku[0x10][0xce]2[0x1f][0x9c][0xce][0xb2][0x18][0x94][0xce][0xb2]4[0x1e][0x9c][0xce][0x1a][0x94][0xa1]en`6[0x18]C[0xcb][0xdc][0xd0]pp:[0xcb]hp:[0xb][$[0x2][0x0][0x0][0x0][0xff][0xff]"
17:04:58.651 [main] DEBUG org.apache.http.wire -  << "[\r][\n]"
17:04:58.651 [main] DEBUG org.apache.http.wire -  << "41[\r][\n]"
17:04:58.651 [main] DEBUG org.apache.http.wire -  << "[0x1a][0xf0]r[0xcb][0xdc]pP[0x96][[0xe6][0x86][0x83]1'[0x1a][0x1a][0x9a][0xe][0xc6][0xd0]244[0xb5][0x1c][0x84]I[0xde][0xd0][0xd0]|0&yC#[0xcb]A[0x19][0x89]F[0x96][0x83]2[0xc9][0x1b]Y[0xe][0xca][0xb4]el2[0x98]J[0xf9][0xd8]Z.[0x0][0x0][0x0][0x0][0xff][0xff]"
17:04:58.651 [main] DEBUG org.apache.http.wire -  << "[\r][\n]"
17:04:58.651 [main] DEBUG org.apache.http.wire -  << "A[\r][\n]"
17:04:58.651 [main] DEBUG org.apache.http.wire -  << "[0x3][0x0]Yx[0xec][0xd1][0xa9][\n]"
17:04:58.651 [main] DEBUG org.apache.http.wire -  << "[0x0][0x0]"
17:04:58.651 [main] DEBUG org.apache.http.wire -  << "[\r][\n]"
17:04:58.651 [main] DEBUG org.apache.http.wire -  << "0[\r][\n]"
17:04:58.651 [main] DEBUG org.apache.http.wire -  << "[\r][\n]"
17:04:58.651 [main] DEBUG io.restassured.internal.RestAssuredHttpBuilder - Parsed data to instance of: class org.apache.http.conn.EofSensorInputStream
17:04:58.652 [main] DEBUG org.apache.http.impl.conn.BasicClientConnectionManager - Releasing connection org.apache.http.impl.conn.ManagedClientConnectionImpl@1831447c
17:04:58.652 [main] DEBUG org.apache.http.impl.conn.BasicClientConnectionManager - Connection can be kept alive indefinitely
17:04:58.654 [main] DEBUG net.thucydides.core.steps.StepInterceptor - STEP DONE: I send GET HTTP Request
  &amp#27;[32mWhen &amp#27;[0m&amp#27;[32mI send GET Http Request&amp#27;[0m                                 &amp#27;[90m# starter.stepDefinition.CommentSteps.sendGetHttpRequest()&amp#27;[0m
17:04:58.656 [main] DEBUG net.thucydides.core.steps.StepInterceptor - STARTING STEP: CommentSteps.receiveValidHttpResponse - I receive valid HTTP response code is 200
17:04:58.656 [main] DEBUG net.thucydides.core.steps.StepInterceptor - STEP DONE: I receive valid HTTP response code is 200
  &amp#27;[32mThen &amp#27;[0m&amp#27;[32mI receive valid Http response code is 200&amp#27;[0m               &amp#27;[90m# starter.stepDefinition.CommentSteps.receiveValidHttpResponse()&amp#27;[0m
17:04:58.658 [main] DEBUG net.thucydides.core.steps.StepInterceptor - STARTING STEP: CommentSteps.receiveValidDataForDetailProduct - I receive valid data for product comment
17:04:58.673 [main] DEBUG net.thucydides.core.steps.StepInterceptor - STEP DONE: I receive valid data for product comment
  &amp#27;[32mAnd &amp#27;[0m&amp#27;[32mI receive valid data for product comment&amp#27;[0m                 &amp#27;[90m# starter.stepDefinition.CommentSteps.receiveValidDataForDetailProduct()&amp#27;[0m
17:04:58.674 [main] INFO  - 
  _____   ___   ___   _____     ___     _     ___   ___   ___   ___  
 |_   _| | __| / __| |_   _|   | _ \   /_\   / __| / __| | __| |   \ 
   | |   | _|  \__ \   | |     |  _/  / _ \  \__ \ \__ \ | _|  | |) |
   |_|   |___| |___/   |_|     |_|   /_/ \_\ |___/ |___/ |___| |___/ 

GET - As admin I have be able to get product comment
----------------------------------------------------------------------
]]></system-out>
  </testcase>
  <testcase name="POST - As admin I have be able to assign a product comment" classname="Comment" time="0.157">
    <system-out><![CDATA[
Scenario: POST - As admin I have be able to assign a product comment &amp#27;[90m# src/test/resources/features/Comment.feature:12&amp#27;[0m
17:04:58.678 [main] INFO io.cucumber.core.plugin.SerenityReporter - Running feature from file:///C:/Users/VICTUS/IdeaProjects/RestAssuredMiniProject/src/test/resources/features/Comment.feature
17:04:58.679 [main] INFO  - 
  _____   ___   ___   _____     ___   _____     _     ___   _____   ___   ___  
 |_   _| | __| / __| |_   _|   / __| |_   _|   /_\   | _ \ |_   _| | __| |   \ 
   | |   | _|  \__ \   | |     \__ \   | |    / _ \  |   /   | |   | _|  | |) |
   |_|   |___| |___/   |_|     |___/   |_|   /_/ \_\ |_|_\   |_|   |___| |___/ 

POST - As admin I have be able to assign a product comment(comment;post---as-admin-i-have-be-able-to-assign-a-product-comment)
--------------------------------------------------------------------------------
17:04:58.684 [main] DEBUG net.thucydides.core.steps.StepInterceptor - STARTING STEP: CommentSteps.setPostApiEndpoints - I set POST api endpoint
17:04:58.684 [main] DEBUG net.thucydides.core.steps.StepInterceptor - STEP DONE: I set POST api endpoint
  &amp#27;[32mGiven &amp#27;[0m&amp#27;[32mI set POST API endpoint&amp#27;[0m                                      &amp#27;[90m# starter.stepDefinition.CommentSteps.setPostApiEndpoints()&amp#27;[0m
17:04:58.686 [main] DEBUG net.thucydides.core.steps.StepInterceptor - STARTING STEP: CommentSteps.sendPostHttpRequest - I send POST HTTP Request
17:04:58.688 [main] DEBUG net.thucydides.core.steps.StepInterceptor - STARTING STEP: Post.sendPostHttpRequest - I set POST api endpoint
17:04:58.688 [main] DEBUG net.thucydides.core.steps.StepInterceptor - STEP DONE: I set POST api endpoint
17:04:58.696 [main] DEBUG org.apache.http.impl.conn.BasicClientConnectionManager - Get connection for route {s}->https://altashop-api.fly.dev:443
17:04:58.697 [main] DEBUG org.apache.http.impl.conn.DefaultClientConnectionOperator - Connecting to altashop-api.fly.dev:443
17:04:58.774 [main] DEBUG org.apache.http.client.protocol.RequestAddCookies - CookieSpec selected: ignoreCookies
17:04:58.775 [main] DEBUG org.apache.http.client.protocol.RequestAuthCache - Auth cache not set in the context
17:04:58.775 [main] DEBUG org.apache.http.client.protocol.RequestProxyAuthentication - Proxy auth state: UNCHALLENGED
17:04:58.775 [main] DEBUG org.apache.http.impl.client.DefaultHttpClient - Attempt 1 to execute request
17:04:58.775 [main] DEBUG org.apache.http.impl.conn.DefaultClientConnection - Sending request: POST /api/products/14117/comments HTTP/1.1
17:04:58.775 [main] DEBUG org.apache.http.wire -  >> "POST /api/products/14117/comments HTTP/1.1[\r][\n]"
17:04:58.775 [main] DEBUG org.apache.http.wire -  >> "Authorization: Bearer eyJhbGciOiJIUzI1NiIsInR5cCI6IkpXVCJ9.eyJGdWxsbmFtZSI6IkpvaG4gRG9lIiwiRW1haWwiOiJzb21lb25lQG1haWwuY29tIn0.WvBSxcQEqqniC1v08LzkrHcELegs0b7vtjGPWiaEWcI[\r][\n]"
17:04:58.775 [main] DEBUG org.apache.http.wire -  >> "Accept: */*[\r][\n]"
17:04:58.775 [main] DEBUG org.apache.http.wire -  >> "Content-Type: application/json[\r][\n]"
17:04:58.775 [main] DEBUG org.apache.http.wire -  >> "Content-Length: 65[\r][\n]"
17:04:58.775 [main] DEBUG org.apache.http.wire -  >> "Host: altashop-api.fly.dev[\r][\n]"
17:04:58.775 [main] DEBUG org.apache.http.wire -  >> "Connection: Keep-Alive[\r][\n]"
17:04:58.775 [main] DEBUG org.apache.http.wire -  >> "User-Agent: Apache-HttpClient/4.5.13 (Java/17.0.3.1)[\r][\n]"
17:04:58.775 [main] DEBUG org.apache.http.wire -  >> "Accept-Encoding: gzip,deflate[\r][\n]"
17:04:58.775 [main] DEBUG org.apache.http.wire -  >> "[\r][\n]"
17:04:58.775 [main] DEBUG org.apache.http.headers - >> POST /api/products/14117/comments HTTP/1.1
17:04:58.775 [main] DEBUG org.apache.http.headers - >> Authorization: Bearer eyJhbGciOiJIUzI1NiIsInR5cCI6IkpXVCJ9.eyJGdWxsbmFtZSI6IkpvaG4gRG9lIiwiRW1haWwiOiJzb21lb25lQG1haWwuY29tIn0.WvBSxcQEqqniC1v08LzkrHcELegs0b7vtjGPWiaEWcI
17:04:58.775 [main] DEBUG org.apache.http.headers - >> Accept: */*
17:04:58.775 [main] DEBUG org.apache.http.headers - >> Content-Type: application/json
17:04:58.775 [main] DEBUG org.apache.http.headers - >> Content-Length: 65
17:04:58.775 [main] DEBUG org.apache.http.headers - >> Host: altashop-api.fly.dev
17:04:58.775 [main] DEBUG org.apache.http.headers - >> Connection: Keep-Alive
17:04:58.775 [main] DEBUG org.apache.http.headers - >> User-Agent: Apache-HttpClient/4.5.13 (Java/17.0.3.1)
17:04:58.775 [main] DEBUG org.apache.http.headers - >> Accept-Encoding: gzip,deflate
17:04:58.775 [main] DEBUG org.apache.http.wire -  >> "{"content":"wah ini bagus banget filmnya aku sampe nangis 1 jam"}"
17:04:58.813 [main] DEBUG org.apache.http.wire -  << "HTTP/1.1 200 OK[\r][\n]"
17:04:58.814 [main] DEBUG org.apache.http.wire -  << "content-type: application/json[\r][\n]"
17:04:58.814 [main] DEBUG org.apache.http.wire -  << "date: Tue, 09 May 2023 10:05:02 GMT[\r][\n]"
17:04:58.814 [main] DEBUG org.apache.http.wire -  << "content-encoding: gzip[\r][\n]"
17:04:58.814 [main] DEBUG org.apache.http.wire -  << "transfer-encoding: chunked[\r][\n]"
17:04:58.814 [main] DEBUG org.apache.http.wire -  << "server: Fly/3f2597ca (2023-05-03)[\r][\n]"
17:04:58.814 [main] DEBUG org.apache.http.wire -  << "via: 1.1 fly.io[\r][\n]"
17:04:58.814 [main] DEBUG org.apache.http.wire -  << "fly-request-id: 01GZZZHDHVE76ZH9TENH6WVWX3-sin[\r][\n]"
17:04:58.814 [main] DEBUG org.apache.http.wire -  << "[\r][\n]"
17:04:58.814 [main] DEBUG org.apache.http.impl.conn.DefaultClientConnection - Receiving response: HTTP/1.1 200 OK
17:04:58.814 [main] DEBUG org.apache.http.headers - << HTTP/1.1 200 OK
17:04:58.814 [main] DEBUG org.apache.http.headers - << content-type: application/json
17:04:58.814 [main] DEBUG org.apache.http.headers - << date: Tue, 09 May 2023 10:05:02 GMT
17:04:58.814 [main] DEBUG org.apache.http.headers - << content-encoding: gzip
17:04:58.814 [main] DEBUG org.apache.http.headers - << transfer-encoding: chunked
17:04:58.814 [main] DEBUG org.apache.http.headers - << server: Fly/3f2597ca (2023-05-03)
17:04:58.814 [main] DEBUG org.apache.http.headers - << via: 1.1 fly.io
17:04:58.814 [main] DEBUG org.apache.http.headers - << fly-request-id: 01GZZZHDHVE76ZH9TENH6WVWX3-sin
17:04:58.814 [main] DEBUG org.apache.http.impl.client.DefaultHttpClient - Connection can be kept alive indefinitely
17:04:58.814 [main] DEBUG io.restassured.internal.RestAssuredHttpBuilder - Parsing response as: application/json
17:04:58.814 [main] DEBUG org.apache.http.wire -  << "88[\r][\n]"
17:04:58.814 [main] DEBUG org.apache.http.wire -  << "[0x1f][0x8b][0x8][0x0][0x0][0x0][0x0][0x0][0x4][0xff][0xab]VJI,IT[0xb2][0xaa]V[0xf2]tQ[0xb2]24461[0xd5]Qr[0xce][0xcf]+I[0xcd]+Q[0xb2]R*O[0xcc]P[0xc8][0xcc][0xcb]THJL/-VHJ[0xcc]KO-QH[0xcb][0xcc][0xc9][0xcd][0xab]LTH[0xcc].U(N[0xcc]-HU[0xc8]K[0xcc]K[0xcf],V0T[0xc8]J[0xcc]U[0xd2]Q[\n]"
17:04:58.814 [main] DEBUG org.apache.http.wire -  << "-N-R[0xb2][0xca]+[0xcd][0xc9][0xd1]Q[\n]"
17:04:58.814 [main] DEBUG org.apache.http.wire -  << "([0xca]O)M.[0x81]q[0x9d][0xf3]ss[0xc1]F[0x83]dkk[0xb9][0x0]5[0xfb][0xc7][0xb5][0x80][0x0][0x0][0x0]"
17:04:58.814 [main] DEBUG org.apache.http.wire -  << "[\r][\n]"
17:04:58.814 [main] DEBUG org.apache.http.wire -  << "0[\r][\n]"
17:04:58.814 [main] DEBUG org.apache.http.wire -  << "[\r][\n]"
17:04:58.814 [main] DEBUG io.restassured.internal.RestAssuredHttpBuilder - Parsed data to instance of: class org.apache.http.conn.EofSensorInputStream
17:04:58.815 [main] DEBUG org.apache.http.impl.conn.BasicClientConnectionManager - Releasing connection org.apache.http.impl.conn.ManagedClientConnectionImpl@147ad4bb
17:04:58.815 [main] DEBUG org.apache.http.impl.conn.BasicClientConnectionManager - Connection can be kept alive indefinitely
17:04:58.816 [main] DEBUG net.thucydides.core.steps.StepInterceptor - STEP DONE: I send POST HTTP Request
  &amp#27;[32mWhen &amp#27;[0m&amp#27;[32mI send POST Http Request&amp#27;[0m                                      &amp#27;[90m# starter.stepDefinition.CommentSteps.sendPostHttpRequest()&amp#27;[0m
17:04:58.817 [main] DEBUG net.thucydides.core.steps.StepInterceptor - STARTING STEP: CommentSteps.receiveValidHttp201 - I receive valid HTTP response code is 201
17:04:58.818 [main] DEBUG net.thucydides.core.steps.StepInterceptor - STEP DONE: I receive valid HTTP response code is 201
  &amp#27;[32mThen &amp#27;[0m&amp#27;[32mI receive valid Http response code is 201&amp#27;[0m                     &amp#27;[90m# starter.stepDefinition.CommentSteps.receiveValidHttp201()&amp#27;[0m
17:04:58.819 [main] DEBUG net.thucydides.core.steps.StepInterceptor - STARTING STEP: CommentSteps.receiveValidDataForRatingProduct - I receive valid data for product comment
17:04:58.830 [main] DEBUG net.thucydides.core.steps.StepInterceptor - STEP DONE: I receive valid data for product comment
  &amp#27;[32mAnd &amp#27;[0m&amp#27;[32mI receive valid data for new product comment&amp#27;[0m                   &amp#27;[90m# starter.stepDefinition.CommentSteps.receiveValidDataForRatingProduct()&amp#27;[0m
17:04:58.831 [main] INFO  - 
  _____   ___   ___   _____     ___     _     ___   ___   ___   ___  
 |_   _| | __| / __| |_   _|   | _ \   /_\   / __| / __| | __| |   \ 
   | |   | _|  \__ \   | |     |  _/  / _ \  \__ \ \__ \ | _|  | |) |
   |_|   |___| |___/   |_|     |_|   /_/ \_\ |___/ |___/ |___| |___/ 

POST - As admin I have be able to assign a product comment
----------------------------------------------------------------------
]]></system-out>
  </testcase>
  <testcase name="GET - As admin I have be able to get to say hello" classname="Index" time="0.157">
    <system-out><![CDATA[17:04:58.832 [main] INFO io.cucumber.core.plugin.SerenityReporter - Running feature from file:///C:/Users/VICTUS/IdeaProjects/RestAssuredMiniProject/src/test/resources/features/Index.feature
17:04:58.833 [main] DEBUG net.thucydides.core.steps.StepEventBus - Test suite started for story net.thucydides.core.model.Story@8597e328
17:04:58.833 [main] INFO  - Test Suite Started: Index

Scenario: GET - As admin I have be able to get to say hello &amp#27;[90m# src/test/resources/features/Index.feature:6&amp#27;[0m
17:04:58.837 [main] INFO io.cucumber.core.plugin.SerenityReporter - Running feature from file:///C:/Users/VICTUS/IdeaProjects/RestAssuredMiniProject/src/test/resources/features/Index.feature
[...]
17:05:01.063 [main] DEBUG org.apache.http.impl.conn.BasicClientConnectionManager - Releasing connection org.apache.http.impl.conn.ManagedClientConnectionImpl@1693d505
17:05:01.063 [main] DEBUG org.apache.http.impl.conn.BasicClientConnectionManager - Connection can be kept alive indefinitely
17:05:01.063 [main] DEBUG net.thucydides.core.steps.StepInterceptor - STEP DONE: I send DELETE HTTP request
  &amp#27;[32mWhen &amp#27;[0m&amp#27;[32mI send DELETE HTTP request&amp#27;[0m                                     &amp#27;[90m# starter.stepDefinition.ProductSteps.sendDeleteHttpRequest()&amp#27;[0m
17:05:01.064 [main] DEBUG net.thucydides.core.steps.StepInterceptor - STARTING STEP: ProductSteps.receiveValidHTTPresponse - I receive valid HTTP response code 204
17:05:01.065 [main] DEBUG net.thucydides.core.steps.StepInterceptor - STEP DONE: I receive valid HTTP response code 204
  &amp#27;[32mThen &amp#27;[0m&amp#27;[32mI receive valid HTTP response code 204&amp#27;[0m                         &amp#27;[90m# starter.stepDefinition.ProductSteps.receiveValidHTTPresponse()&amp#27;[0m
17:05:01.066 [main] INFO  - 
  _____   ___   ___   _____     ___     _     ___   ___   ___   ___  
 |_   _| | __| / __| |_   _|   | _ \   /_\   / __| / __| | __| |   \ 
   | |   | _|  \__ \   | |     |  _/  / _ \  \__ \ \__ \ | _|  | |) |
   |_|   |___| |___/   |_|     |_|   /_/ \_\ |___/ |___/ |___| |___/ 

DELETE - As admin I have be able to delete existing product
----------------------------------------------------------------------
]]></system-out>
  </testcase>
  <testcase name="GET - As admin I have be able to get rating product" classname="Rating" time="0.472">
    <system-out><![CDATA[17:05:01.066 [main] INFO io.cucumber.core.plugin.SerenityReporter - Running feature from file:///C:/Users/VICTUS/IdeaProjects/RestAssuredMiniProject/src/test/resources/features/Rating.feature
17:05:01.067 [main] DEBUG net.thucydides.core.steps.StepEventBus - Test suite started for story net.thucydides.core.model.Story@90cc9dc8
17:05:01.068 [main] INFO  - Test Suite Started: Rating

Scenario: GET - As admin I have be able to get rating product &amp#27;[90m# src/test/resources/features/Rating.feature:6&amp#27;[0m
17:05:01.070 [main] INFO io.cucumber.core.plugin.SerenityReporter - Running feature from file:///C:/Users/VICTUS/IdeaProjects/RestAssuredMiniProject/src/test/resources/features/Rating.feature
17:05:01.071 [main] INFO  - 
  _____   ___   ___   _____     ___   _____     _     ___   _____   ___   ___  
 |_   _| | __| / __| |_   _|   / __| |_   _|   /_\   | _ \ |_   _| | __| |   \ 
   | |   | _|  \__ \   | |     \__ \   | |    / _ \  |   /   | |   | _|  | |) |
   |_|   |___| |___/   |_|     |___/   |_|   /_/ \_\ |_|_\   |_|   |___| |___/ 

GET - As admin I have be able to get rating product(rating;get---as-admin-i-have-be-able-to-get-rating-product)
--------------------------------------------------------------------------------
17:05:01.083 [main] DEBUG net.thucydides.core.steps.StepInterceptor - STARTING STEP: RatingSteps.setGetApiEndpoints - I set GET api endpoints
17:05:01.083 [main] DEBUG net.thucydides.core.steps.StepInterceptor - STEP DONE: I set GET api endpoints
  &amp#27;[32mGiven &amp#27;[0m&amp#27;[32mI set GET API endpoints&amp#27;[0m                               &amp#27;[90m# starter.stepDefinition.RatingSteps.setGetApiEndpoints()&amp#27;[0m
17:05:01.084 [main] DEBUG net.thucydides.core.steps.StepInterceptor - STARTING STEP: RatingSteps.sendGetHttpRequest - I send GET HTTP request
17:05:01.085 [main] DEBUG net.thucydides.core.steps.StepInterceptor - STARTING STEP: Get.sendGetHttpRequest - I set GET api endpoints
17:05:01.085 [main] DEBUG net.thucydides.core.steps.StepInterceptor - STEP DONE: I set GET api endpoints
17:05:01.089 [main] DEBUG org.apache.http.impl.conn.BasicClientConnectionManager - Get connection for route {s}->https://altashop-api.fly.dev:443
17:05:01.089 [main] DEBUG org.apache.http.impl.conn.DefaultClientConnectionOperator - Connecting to altashop-api.fly.dev:443
17:05:01.434 [main] DEBUG org.apache.http.client.protocol.RequestAddCookies - CookieSpec selected: ignoreCookies
17:05:01.434 [main] DEBUG org.apache.http.client.protocol.RequestAuthCache - Auth cache not set in the context
17:05:01.434 [main] DEBUG org.apache.http.client.protocol.RequestTargetAuthentication - Target auth state: UNCHALLENGED
17:05:01.434 [main] DEBUG org.apache.http.client.protocol.RequestProxyAuthentication - Proxy auth state: UNCHALLENGED
17:05:01.434 [main] DEBUG org.apache.http.impl.client.DefaultHttpClient - Attempt 1 to execute request
17:05:01.434 [main] DEBUG org.apache.http.impl.conn.DefaultClientConnection - Sending request: GET /api/products/13425/ratings HTTP/1.1
17:05:01.434 [main] DEBUG org.apache.http.wire -  >> "GET /api/products/13425/ratings HTTP/1.1[\r][\n]"
17:05:01.434 [main] DEBUG org.apache.http.wire -  >> "Accept: */*[\r][\n]"
17:05:01.434 [main] DEBUG org.apache.http.wire -  >> "Host: altashop-api.fly.dev[\r][\n]"
17:05:01.434 [main] DEBUG org.apache.http.wire -  >> "Connection: Keep-Alive[\r][\n]"
17:05:01.434 [main] DEBUG org.apache.http.wire -  >> "User-Agent: Apache-HttpClient/4.5.13 (Java/17.0.3.1)[\r][\n]"
17:05:01.434 [main] DEBUG org.apache.http.wire -  >> "Accept-Encoding: gzip,deflate[\r][\n]"
17:05:01.434 [main] DEBUG org.apache.http.wire -  >> "[\r][\n]"
17:05:01.434 [main] DEBUG org.apache.http.headers - >> GET /api/products/13425/ratings HTTP/1.1
17:05:01.434 [main] DEBUG org.apache.http.headers - >> Accept: */*
17:05:01.434 [main] DEBUG org.apache.http.headers - >> Host: altashop-api.fly.dev
17:05:01.434 [main] DEBUG org.apache.http.headers - >> Connection: Keep-Alive
17:05:01.434 [main] DEBUG org.apache.http.headers - >> User-Agent: Apache-HttpClient/4.5.13 (Java/17.0.3.1)
17:05:01.434 [main] DEBUG org.apache.http.headers - >> Accept-Encoding: gzip,deflate
17:05:01.525 [main] DEBUG org.apache.http.wire -  << "HTTP/1.1 200 OK[\r][\n]"
17:05:01.525 [main] DEBUG org.apache.http.wire -  << "content-type: application/json[\r][\n]"
17:05:01.525 [main] DEBUG org.apache.http.wire -  << "date: Tue, 09 May 2023 10:05:05 GMT[\r][\n]"
17:05:01.525 [main] DEBUG org.apache.http.wire -  << "content-encoding: gzip[\r][\n]"
17:05:01.525 [main] DEBUG org.apache.http.wire -  << "transfer-encoding: chunked[\r][\n]"
17:05:01.525 [main] DEBUG org.apache.http.wire -  << "server: Fly/3f2597ca (2023-05-03)[\r][\n]"
17:05:01.525 [main] DEBUG org.apache.http.wire -  << "via: 1.1 fly.io[\r][\n]"
17:05:01.525 [main] DEBUG org.apache.http.wire -  << "fly-request-id: 01GZZZHG5E0ZX8971KXFQ901F4-sin[\r][\n]"
17:05:01.525 [main] DEBUG org.apache.http.wire -  << "[\r][\n]"
17:05:01.525 [main] DEBUG org.apache.http.impl.conn.DefaultClientConnection - Receiving response: HTTP/1.1 200 OK
17:05:01.525 [main] DEBUG org.apache.http.headers - << HTTP/1.1 200 OK
17:05:01.525 [main] DEBUG org.apache.http.headers - << content-type: application/json
17:05:01.525 [main] DEBUG org.apache.http.headers - << date: Tue, 09 May 2023 10:05:05 GMT
17:05:01.525 [main] DEBUG org.apache.http.headers - << content-encoding: gzip
17:05:01.525 [main] DEBUG org.apache.http.headers - << transfer-encoding: chunked
17:05:01.525 [main] DEBUG org.apache.http.headers - << server: Fly/3f2597ca (2023-05-03)
17:05:01.525 [main] DEBUG org.apache.http.headers - << via: 1.1 fly.io
17:05:01.525 [main] DEBUG org.apache.http.headers - << fly-request-id: 01GZZZHG5E0ZX8971KXFQ901F4-sin
17:05:01.526 [main] DEBUG org.apache.http.impl.client.DefaultHttpClient - Connection can be kept alive indefinitely
17:05:01.526 [main] DEBUG io.restassured.internal.RestAssuredHttpBuilder - Parsing response as: application/json
17:05:01.526 [main] DEBUG org.apache.http.wire -  << "1F[\r][\n]"
17:05:01.526 [main] DEBUG org.apache.http.wire -  << "[0x1f][0x8b][0x8][0x0][0x0][0x0][0x0][0x0][0x4][0xff][0xab]VJI,IT[0xb2]2[0xa9][0xe5][0x2][0x0][0xb4]([0xdc]F[0xb][0x0][0x0][0x0]"
17:05:01.526 [main] DEBUG org.apache.http.wire -  << "[\r][\n]"
17:05:01.526 [main] DEBUG org.apache.http.wire -  << "0[\r][\n]"
17:05:01.526 [main] DEBUG org.apache.http.wire -  << "[\r][\n]"
17:05:01.526 [main] DEBUG io.restassured.internal.RestAssuredHttpBuilder - Parsed data to instance of: class org.apache.http.conn.EofSensorInputStream
17:05:01.527 [main] DEBUG org.apache.http.impl.conn.BasicClientConnectionManager - Releasing connection org.apache.http.impl.conn.ManagedClientConnectionImpl@4f3e65f4
17:05:01.527 [main] DEBUG org.apache.http.impl.conn.BasicClientConnectionManager - Connection can be kept alive indefinitely
17:05:01.527 [main] DEBUG net.thucydides.core.steps.StepInterceptor - STEP DONE: I send GET HTTP request
  &amp#27;[32mWhen &amp#27;[0m&amp#27;[32mI send GET Http request&amp#27;[0m                                &amp#27;[90m# starter.stepDefinition.RatingSteps.sendGetHttpRequest()&amp#27;[0m
17:05:01.528 [main] DEBUG net.thucydides.core.steps.StepInterceptor - STARTING STEP: RatingSteps.receiveValidHttpResponse - I receive valid HTTP response code 200
17:05:01.530 [main] DEBUG net.thucydides.core.steps.StepInterceptor - STEP DONE: I receive valid HTTP response code 200
  &amp#27;[32mThen &amp#27;[0m&amp#27;[32mI receive valid Http response code 200&amp#27;[0m                 &amp#27;[90m# starter.stepDefinition.RatingSteps.receiveValidHttpResponse()&amp#27;[0m
17:05:01.531 [main] DEBUG net.thucydides.core.steps.StepInterceptor - STARTING STEP: RatingSteps.receiveValidDataForDetailProduct - I receive valid data for detail product
17:05:01.538 [main] DEBUG net.thucydides.core.steps.StepInterceptor - STEP DONE: I receive valid data for detail product
  &amp#27;[32mAnd &amp#27;[0m&amp#27;[32mI receive valid data for rating product&amp#27;[0m                 &amp#27;[90m# starter.stepDefinition.RatingSteps.receiveValidDataForDetailProduct()&amp#27;[0m
17:05:01.538 [main] INFO  - 
  _____   ___   ___   _____     ___     _     ___   ___   ___   ___  
 |_   _| | __| / __| |_   _|   | _ \   /_\   / __| / __| | __| |   \ 
   | |   | _|  \__ \   | |     |  _/  / _ \  \__ \ \__ \ | _|  | |) |
   |_|   |___| |___/   |_|     |_|   /_/ \_\ |___/ |___/ |___| |___/ 

GET - As admin I have be able to get rating product
----------------------------------------------------------------------
]]></system-out>
  </testcase>
  <testcase name="POST - As admin I have be able to assign a rating product" classname="Rating" time="0.205">
    <system-out><![CDATA[
Scenario: POST - As admin I have be able to assign a rating product &amp#27;[90m# src/test/resources/features/Rating.feature:12&amp#27;[0m
17:05:01.542 [main] INFO io.cucumber.core.plugin.SerenityReporter - Running feature from file:///C:/Users/VICTUS/IdeaProjects/RestAssuredMiniProject/src/test/resources/features/Rating.feature
17:05:01.543 [main] INFO  - 
  _____   ___   ___   _____     ___   _____     _     ___   _____   ___   ___  
 |_   _| | __| / __| |_   _|   / __| |_   _|   /_\   | _ \ |_   _| | __| |   \ 
   | |   | _|  \__ \   | |     \__ \   | |    / _ \  |   /   | |   | _|  | |) |
   |_|   |___| |___/   |_|     |___/   |_|   /_/ \_\ |_|_\   |_|   |___| |___/ 

POST - As admin I have be able to assign a rating product(rating;post---as-admin-i-have-be-able-to-assign-a-rating-product)
--------------------------------------------------------------------------------
17:05:01.547 [main] DEBUG net.thucydides.core.steps.StepInterceptor - STARTING STEP: RatingSteps.setPostApiEndpoints - I set POST api endpoints
17:05:01.548 [main] DEBUG net.thucydides.core.steps.StepInterceptor - STEP DONE: I set POST api endpoints
  &amp#27;[32mGiven &amp#27;[0m&amp#27;[32mI set POST API endpoints&amp#27;[0m                                    &amp#27;[90m# starter.stepDefinition.RatingSteps.setPostApiEndpoints()&amp#27;[0m
17:05:01.549 [main] DEBUG net.thucydides.core.steps.StepInterceptor - STARTING STEP: RatingSteps.sendPostHttpRequest - I send POST HTTP request
17:05:01.551 [main] DEBUG net.thucydides.core.steps.StepInterceptor - STARTING STEP: Post.sendPostHttpRequest - I set POST api endpoints
17:05:01.551 [main] DEBUG net.thucydides.core.steps.StepInterceptor - STEP DONE: I set POST api endpoints
17:05:01.564 [main] DEBUG org.apache.http.impl.conn.BasicClientConnectionManager - Get connection for route {s}->https://altashop-api.fly.dev:443
17:05:01.564 [main] DEBUG org.apache.http.impl.conn.DefaultClientConnectionOperator - Connecting to altashop-api.fly.dev:443
17:05:01.668 [main] DEBUG org.apache.http.client.protocol.RequestAddCookies - CookieSpec selected: ignoreCookies
17:05:01.668 [main] DEBUG org.apache.http.client.protocol.RequestAuthCache - Auth cache not set in the context
17:05:01.668 [main] DEBUG org.apache.http.client.protocol.RequestProxyAuthentication - Proxy auth state: UNCHALLENGED
17:05:01.668 [main] DEBUG org.apache.http.impl.client.DefaultHttpClient - Attempt 1 to execute request
17:05:01.668 [main] DEBUG org.apache.http.impl.conn.DefaultClientConnection - Sending request: POST /api/products/14117/ratings HTTP/1.1
17:05:01.668 [main] DEBUG org.apache.http.wire -  >> "POST /api/products/14117/ratings HTTP/1.1[\r][\n]"
17:05:01.668 [main] DEBUG org.apache.http.wire -  >> "Authorization: Bearer eyJhbGciOiJIUzI1NiIsInR5cCI6IkpXVCJ9.eyJGdWxsbmFtZSI6IkpvaG4gRG9lIiwiRW1haWwiOiJzb21lb25lQG1haWwuY29tIn0.WvBSxcQEqqniC1v08LzkrHcELegs0b7vtjGPWiaEWcI[\r][\n]"
17:05:01.668 [main] DEBUG org.apache.http.wire -  >> "Accept: */*[\r][\n]"
17:05:01.668 [main] DEBUG org.apache.http.wire -  >> "Content-Type: application/json[\r][\n]"
17:05:01.668 [main] DEBUG org.apache.http.wire -  >> "Content-Length: 11[\r][\n]"
17:05:01.668 [main] DEBUG org.apache.http.wire -  >> "Host: altashop-api.fly.dev[\r][\n]"
17:05:01.668 [main] DEBUG org.apache.http.wire -  >> "Connection: Keep-Alive[\r][\n]"
17:05:01.668 [main] DEBUG org.apache.http.wire -  >> "User-Agent: Apache-HttpClient/4.5.13 (Java/17.0.3.1)[\r][\n]"
17:05:01.668 [main] DEBUG org.apache.http.wire -  >> "Accept-Encoding: gzip,deflate[\r][\n]"
17:05:01.668 [main] DEBUG org.apache.http.wire -  >> "[\r][\n]"
17:05:01.668 [main] DEBUG org.apache.http.headers - >> POST /api/products/14117/ratings HTTP/1.1
17:05:01.668 [main] DEBUG org.apache.http.headers - >> Authorization: Bearer eyJhbGciOiJIUzI1NiIsInR5cCI6IkpXVCJ9.eyJGdWxsbmFtZSI6IkpvaG4gRG9lIiwiRW1haWwiOiJzb21lb25lQG1haWwuY29tIn0.WvBSxcQEqqniC1v08LzkrHcELegs0b7vtjGPWiaEWcI
17:05:01.668 [main] DEBUG org.apache.http.headers - >> Accept: */*
17:05:01.668 [main] DEBUG org.apache.http.headers - >> Content-Type: application/json
17:05:01.668 [main] DEBUG org.apache.http.headers - >> Content-Length: 11
17:05:01.668 [main] DEBUG org.apache.http.headers - >> Host: altashop-api.fly.dev
17:05:01.668 [main] DEBUG org.apache.http.headers - >> Connection: Keep-Alive
17:05:01.668 [main] DEBUG org.apache.http.headers - >> User-Agent: Apache-HttpClient/4.5.13 (Java/17.0.3.1)
17:05:01.668 [main] DEBUG org.apache.http.headers - >> Accept-Encoding: gzip,deflate
17:05:01.668 [main] DEBUG org.apache.http.wire -  >> "{"count":5}"
17:05:01.713 [main] DEBUG org.apache.http.wire -  << "HTTP/1.1 200 OK[\r][\n]"
17:05:01.714 [main] DEBUG org.apache.http.wire -  << "content-type: application/json[\r][\n]"
17:05:01.714 [main] DEBUG org.apache.http.wire -  << "date: Tue, 09 May 2023 10:05:05 GMT[\r][\n]"
17:05:01.714 [main] DEBUG org.apache.http.wire -  << "content-encoding: gzip[\r][\n]"
17:05:01.714 [main] DEBUG org.apache.http.wire -  << "transfer-encoding: chunked[\r][\n]"
17:05:01.714 [main] DEBUG org.apache.http.wire -  << "server: Fly/3f2597ca (2023-05-03)[\r][\n]"
17:05:01.714 [main] DEBUG org.apache.http.wire -  << "via: 1.1 fly.io[\r][\n]"
17:05:01.714 [main] DEBUG org.apache.http.wire -  << "fly-request-id: 01GZZZHGCANAB6MXXSS34XDW65-sin[\r][\n]"
17:05:01.714 [main] DEBUG org.apache.http.wire -  << "[\r][\n]"
17:05:01.714 [main] DEBUG org.apache.http.impl.conn.DefaultClientConnection - Receiving response: HTTP/1.1 200 OK
17:05:01.714 [main] DEBUG org.apache.http.headers - << HTTP/1.1 200 OK
17:05:01.714 [main] DEBUG org.apache.http.headers - << content-type: application/json
17:05:01.714 [main] DEBUG org.apache.http.headers - << date: Tue, 09 May 2023 10:05:05 GMT
17:05:01.714 [main] DEBUG org.apache.http.headers - << content-encoding: gzip
17:05:01.714 [main] DEBUG org.apache.http.headers - << transfer-encoding: chunked
17:05:01.714 [main] DEBUG org.apache.http.headers - << server: Fly/3f2597ca (2023-05-03)
17:05:01.714 [main] DEBUG org.apache.http.headers - << via: 1.1 fly.io
17:05:01.714 [main] DEBUG org.apache.http.headers - << fly-request-id: 01GZZZHGCANAB6MXXSS34XDW65-sin
17:05:01.714 [main] DEBUG org.apache.http.impl.client.DefaultHttpClient - Connection can be kept alive indefinitely
17:05:01.714 [main] DEBUG io.restassured.internal.RestAssuredHttpBuilder - Parsing response as: application/json
17:05:01.714 [main] DEBUG org.apache.http.wire -  << "84[\r][\n]"
17:05:01.714 [main] DEBUG org.apache.http.wire -  << "[0x1f][0x8b][0x8][0x0][0x0][0x0][0x0][0x0][0x4][0xff][0xab]VJI,IT[0xb2][0xaa]V[0xf2]tQ[0xb2]24144[0xd7]Q[0xf2]K[0xcc]MU[0xb2]Rr[0x9]sQ[0xf0][0xce][0xcc]M-).U[0xc8][0xcb]W[0x88]L[0xcc]LJT[0xd2]QrI-N.[0xca],([0xc9][0xcc][0xcf]S[0xb2]RR[0xd2]Q[\n]"
17:05:01.714 [main] DEBUG org.apache.http.wire -  << "([0xca]LNU[0xb2]242000[0xd0]Q[\n]"
17:05:01.714 [main] DEBUG org.apache.http.wire -  << "J,[0xc9][0xcc]K/V[0xb2]2[0xd5]QrN,IM[0xcf]/[0xca]L-V[0xb2][0x8a][0x8e][0xad][0xad][0xe5][0x2][0x0][0xea][0x8c][0xd1][0xc0]p[0x0][0x0][0x0]"
17:05:01.714 [main] DEBUG org.apache.http.wire -  << "[\r][\n]"
17:05:01.714 [main] DEBUG org.apache.http.wire -  << "0[\r][\n]"
17:05:01.714 [main] DEBUG org.apache.http.wire -  << "[\r][\n]"
17:05:01.714 [main] DEBUG io.restassured.internal.RestAssuredHttpBuilder - Parsed data to instance of: class org.apache.http.conn.EofSensorInputStream
17:05:01.716 [main] DEBUG org.apache.http.impl.conn.BasicClientConnectionManager - Releasing connection org.apache.http.impl.conn.ManagedClientConnectionImpl@4629dde5
17:05:01.716 [main] DEBUG org.apache.http.impl.conn.BasicClientConnectionManager - Connection can be kept alive indefinitely
17:05:01.717 [main] DEBUG net.thucydides.core.steps.StepInterceptor - STEP DONE: I send POST HTTP request
  &amp#27;[32mWhen &amp#27;[0m&amp#27;[32mI send POST Http request&amp#27;[0m                                     &amp#27;[90m# starter.stepDefinition.RatingSteps.sendPostHttpRequest()&amp#27;[0m
17:05:01.718 [main] DEBUG net.thucydides.core.steps.StepInterceptor - STARTING STEP: RatingSteps.receiveValidHttp201 - I receive valid HTTP response code 201
17:05:01.719 [main] DEBUG net.thucydides.core.steps.StepInterceptor - STEP DONE: I receive valid HTTP response code 201
  &amp#27;[32mThen &amp#27;[0m&amp#27;[32mI receive valid Http response code 201&amp#27;[0m                       &amp#27;[90m# starter.stepDefinition.RatingSteps.receiveValidHttp201()&amp#27;[0m
17:05:01.720 [main] DEBUG net.thucydides.core.steps.StepInterceptor - STARTING STEP: RatingSteps.receiveValidDataForRatingProduct - I receive valid data for new rating product
17:05:01.743 [main] DEBUG net.thucydides.core.steps.StepInterceptor - STEP DONE: I receive valid data for new rating product
  &amp#27;[32mAnd &amp#27;[0m&amp#27;[32mI receive valid data for new rating product&amp#27;[0m                   &amp#27;[90m# starter.stepDefinition.RatingSteps.receiveValidDataForRatingProduct()&amp#27;[0m
17:05:01.744 [main] INFO  - 
  _____   ___   ___   _____     ___     _     ___   ___   ___   ___  
 |_   _| | __| / __| |_   _|   | _ \   /_\   / __| / __| | __| |   \ 
   | |   | _|  \__ \   | |     |  _/  / _ \  \__ \ \__ \ | _|  | |) |
   |_|   |___| |___/   |_|     |_|   /_/ \_\ |___/ |___/ |___| |___/ 

POST - As admin I have be able to assign a rating product
----------------------------------------------------------------------
]]></system-out>
  </testcase>
</testsuite>